Copyright 1986-2019 Xilinx, Inc. All Rights Reserved.
------------------------------------------------------------------------------------
| Tool Version : Vivado v.2019.2 (win64) Build 2708876 Wed Nov  6 21:40:23 MST 2019
| Date         : Mon Mar 20 14:02:47 2023
| Host         : Chamindu-PC running 64-bit major release  (build 9200)
| Command      : upgrade_ip
| Device       : xc7z020clg484-1
------------------------------------------------------------------------------------

Upgrade Log for IP 'design_1_NodesAXI_0_0'

1. Summary
----------

SUCCESS in the upgrade of design_1_NodesAXI_0_0 (xilinx.com:user:NodesAXI:1.0) from (Rev. 7) to (Rev. 8)






Copyright 1986-2019 Xilinx, Inc. All Rights Reserved.
------------------------------------------------------------------------------------
| Tool Version : Vivado v.2019.2 (win64) Build 2708876 Wed Nov  6 21:40:23 MST 2019
| Date         : Mon Mar 20 12:20:35 2023
| Host         : Chamindu-PC running 64-bit major release  (build 9200)
| Command      : upgrade_ip
| Device       : xc7z020clg484-1
------------------------------------------------------------------------------------

Upgrade Log for IP 'design_1_NodesAXI_0_0'

1. Summary
----------

SUCCESS in the upgrade of design_1_NodesAXI_0_0 (xilinx.com:user:NodesAXI:1.0) from (Rev. 4) to (Rev. 7)






Copyright 1986-2019 Xilinx, Inc. All Rights Reserved.
------------------------------------------------------------------------------------
| Tool Version : Vivado v.2019.2 (win64) Build 2708876 Wed Nov  6 21:40:23 MST 2019
| Date         : Sun Mar 19 16:42:45 2023
| Host         : Chamindu-PC running 64-bit major release  (build 9200)
| Command      : upgrade_ip
| Device       : xc7z020clg484-1
------------------------------------------------------------------------------------

Upgrade Log for IP 'design_1_NodesAXI_0_0'

1. Summary
----------

SUCCESS in the upgrade of design_1_NodesAXI_0_0 (xilinx.com:user:NodesAXI:1.0) from (Rev. 3) to (Rev. 4)






Copyright 1986-2019 Xilinx, Inc. All Rights Reserved.
------------------------------------------------------------------------------------
| Tool Version : Vivado v.2019.2 (win64) Build 2708876 Wed Nov  6 21:40:23 MST 2019
| Date         : Sat Mar 18 17:53:13 2023
| Host         : Chamindu-PC running 64-bit major release  (build 9200)
| Command      : upgrade_ip
| Device       : xc7z020clg484-1
------------------------------------------------------------------------------------

Upgrade Log for IP 'design_1_NodesAXI_0_0'

1. Summary
----------

SUCCESS in the upgrade of design_1_NodesAXI_0_0 (xilinx.com:user:NodesAXI:1.0) from (Rev. 2) to (Rev. 3)

