TRACE::2023-03-20.14:41:13::SCWBifWriter::Found the complete platform D:/FPGA/ADS_bus_CS/Vitis_proj/ADS_bus_CS_new/export/ADS_bus_CS_new/ADS_bus_CS_new.xpfm
TRACE::2023-03-20.14:41:13::SCWBifWriter::hardware databse : design_1_wrapper_2
TRACE::2023-03-20.14:41:13::SCWBifWriter::bitstream found in the design
TRACE::2023-03-20.14:41:13::SCWBifWriter::Found a baremetal domain, proc: ps7_cortexa9_0
TRACE::2023-03-20.14:41:13::SCWBifWriter::proc type : 
TRACE::2023-03-20.14:41:13::SCWBifWriter::proc[0] : ps7_cortexa9_0
TRACE::2023-03-20.14:41:13::SCWBifWriter::Device type is : zynq
TRACE::2023-03-20.14:41:13::SCWBifWriter::Writing BIF to file : D:/FPGA/ADS_bus_CS/Vitis_proj/hello_system/Debug/system.bif
TRACE::2023-03-20.14:41:13::SCWBifWriter::Writing the Zynq Baremetal bif 
TRACE::2023-03-20.14:43:00::SCWBifWriter::Found the complete platform D:/FPGA/ADS_bus_CS/Vitis_proj/ADS_bus_CS_new/export/ADS_bus_CS_new/ADS_bus_CS_new.xpfm
TRACE::2023-03-20.14:43:00::SCWBifWriter::hardware databse : design_1_wrapper_2
TRACE::2023-03-20.14:43:00::SCWBifWriter::bitstream found in the design
TRACE::2023-03-20.14:43:00::SCWBifWriter::Found a baremetal domain, proc: ps7_cortexa9_0
TRACE::2023-03-20.14:43:00::SCWBifWriter::proc type : 
TRACE::2023-03-20.14:43:00::SCWBifWriter::proc[0] : ps7_cortexa9_0
TRACE::2023-03-20.14:43:00::SCWBifWriter::Device type is : zynq
TRACE::2023-03-20.14:43:00::SCWBifWriter::Writing BIF to file : D:/FPGA/ADS_bus_CS/Vitis_proj/hello_system/Debug/system.bif
TRACE::2023-03-20.14:43:00::SCWBifWriter::Writing the Zynq Baremetal bif 
TRACE::2023-03-20.14:43:39::SCWBifWriter::Found the complete platform D:/FPGA/ADS_bus_CS/Vitis_proj/ADS_bus_CS_new/export/ADS_bus_CS_new/ADS_bus_CS_new.xpfm
TRACE::2023-03-20.14:43:40::SCWBifWriter::hardware databse : design_1_wrapper_2
TRACE::2023-03-20.14:43:40::SCWBifWriter::bitstream found in the design
TRACE::2023-03-20.14:43:40::SCWBifWriter::Found a baremetal domain, proc: ps7_cortexa9_0
TRACE::2023-03-20.14:43:40::SCWBifWriter::proc type : 
TRACE::2023-03-20.14:43:40::SCWBifWriter::proc[0] : ps7_cortexa9_0
TRACE::2023-03-20.14:43:40::SCWBifWriter::Device type is : zynq
TRACE::2023-03-20.14:43:40::SCWBifWriter::Writing BIF to file : D:/FPGA/ADS_bus_CS/Vitis_proj/hello_system/Debug/system.bif
TRACE::2023-03-20.14:43:40::SCWBifWriter::Writing the Zynq Baremetal bif 
TRACE::2023-03-20.14:46:42::SCWBifWriter::Found the complete platform D:/FPGA/ADS_bus_CS/Vitis_proj/ADS_bus_CS_new/export/ADS_bus_CS_new/ADS_bus_CS_new.xpfm
TRACE::2023-03-20.14:46:42::SCWBifWriter::hardware databse : design_1_wrapper_2
TRACE::2023-03-20.14:46:42::SCWBifWriter::bitstream found in the design
TRACE::2023-03-20.14:46:42::SCWBifWriter::Found a baremetal domain, proc: ps7_cortexa9_0
TRACE::2023-03-20.14:46:42::SCWBifWriter::proc type : 
TRACE::2023-03-20.14:46:42::SCWBifWriter::proc[0] : ps7_cortexa9_0
TRACE::2023-03-20.14:46:42::SCWBifWriter::Device type is : zynq
TRACE::2023-03-20.14:46:42::SCWBifWriter::Writing BIF to file : D:/FPGA/ADS_bus_CS/Vitis_proj/hello_system/Debug/system.bif
TRACE::2023-03-20.14:46:42::SCWBifWriter::Writing the Zynq Baremetal bif 
TRACE::2023-03-21.05:11:41::SCWBifWriter::Found the complete platform D:/FPGA/ADS_bus_CS/Vitis_proj/ADS_bus_CS_new/export/ADS_bus_CS_new/ADS_bus_CS_new.xpfm
TRACE::2023-03-21.05:11:41::SCWBifWriter::hardware databse : design_1_wrapper
TRACE::2023-03-21.05:11:42::SCWBifWriter::bitstream found in the design
TRACE::2023-03-21.05:11:42::SCWBifWriter::Found a baremetal domain, proc: ps7_cortexa9_0
TRACE::2023-03-21.05:11:42::SCWBifWriter::proc type : 
TRACE::2023-03-21.05:11:42::SCWBifWriter::proc[0] : ps7_cortexa9_0
TRACE::2023-03-21.05:11:42::SCWBifWriter::Device type is : zynq
TRACE::2023-03-21.05:11:42::SCWBifWriter::Writing BIF to file : D:/FPGA/ADS_bus_CS/Vitis_proj/hello_system/Debug/system.bif
TRACE::2023-03-21.05:11:42::SCWBifWriter::Writing the Zynq Baremetal bif 
TRACE::2023-03-21.05:15:39::SCWBifWriter::Found the complete platform D:/FPGA/ADS_bus_CS/Vitis_proj/ADS_bus_CS_new/export/ADS_bus_CS_new/ADS_bus_CS_new.xpfm
TRACE::2023-03-21.05:15:39::SCWBifWriter::hardware databse : design_1_wrapper_0
TRACE::2023-03-21.05:15:39::SCWBifWriter::bitstream found in the design
TRACE::2023-03-21.05:15:39::SCWBifWriter::Found a baremetal domain, proc: ps7_cortexa9_0
TRACE::2023-03-21.05:15:39::SCWBifWriter::proc type : 
TRACE::2023-03-21.05:15:39::SCWBifWriter::proc[0] : ps7_cortexa9_0
TRACE::2023-03-21.05:15:39::SCWBifWriter::Device type is : zynq
TRACE::2023-03-21.05:15:39::SCWBifWriter::Writing BIF to file : D:/FPGA/ADS_bus_CS/Vitis_proj/hello_system/Debug/system.bif
TRACE::2023-03-21.05:15:39::SCWBifWriter::Writing the Zynq Baremetal bif 
TRACE::2023-03-21.05:16:35::SCWBifWriter::Found the complete platform D:/FPGA/ADS_bus_CS/Vitis_proj/ADS_bus_CS_new/export/ADS_bus_CS_new/ADS_bus_CS_new.xpfm
TRACE::2023-03-21.05:16:35::SCWBifWriter::hardware databse : design_1_wrapper_1
TRACE::2023-03-21.05:16:35::SCWBifWriter::bitstream found in the design
TRACE::2023-03-21.05:16:35::SCWBifWriter::Found a baremetal domain, proc: ps7_cortexa9_0
TRACE::2023-03-21.05:16:35::SCWBifWriter::proc type : 
TRACE::2023-03-21.05:16:35::SCWBifWriter::proc[0] : ps7_cortexa9_0
TRACE::2023-03-21.05:16:35::SCWBifWriter::Device type is : zynq
TRACE::2023-03-21.05:16:35::SCWBifWriter::Writing BIF to file : D:/FPGA/ADS_bus_CS/Vitis_proj/hello_system/Debug/system.bif
TRACE::2023-03-21.05:16:35::SCWBifWriter::Writing the Zynq Baremetal bif 
TRACE::2023-03-21.05:16:45::SCWBifWriter::Found the complete platform D:/FPGA/ADS_bus_CS/Vitis_proj/ADS_bus_CS_new/export/ADS_bus_CS_new/ADS_bus_CS_new.xpfm
TRACE::2023-03-21.05:16:45::SCWBifWriter::hardware databse : design_1_wrapper_1
TRACE::2023-03-21.05:16:45::SCWBifWriter::bitstream found in the design
TRACE::2023-03-21.05:16:45::SCWBifWriter::Found a baremetal domain, proc: ps7_cortexa9_0
TRACE::2023-03-21.05:16:45::SCWBifWriter::proc type : 
TRACE::2023-03-21.05:16:45::SCWBifWriter::proc[0] : ps7_cortexa9_0
TRACE::2023-03-21.05:16:45::SCWBifWriter::Device type is : zynq
TRACE::2023-03-21.05:16:45::SCWBifWriter::Writing BIF to file : D:/FPGA/ADS_bus_CS/Vitis_proj/hello_system/Debug/system.bif
TRACE::2023-03-21.05:16:45::SCWBifWriter::Writing the Zynq Baremetal bif 
TRACE::2023-03-21.05:18:10::SCWBifWriter::Found the complete platform D:/FPGA/ADS_bus_CS/Vitis_proj/ADS_bus_CS_new/export/ADS_bus_CS_new/ADS_bus_CS_new.xpfm
TRACE::2023-03-21.05:18:10::SCWBifWriter::hardware databse : design_1_wrapper_2
TRACE::2023-03-21.05:18:10::SCWBifWriter::bitstream found in the design
TRACE::2023-03-21.05:18:10::SCWBifWriter::Found a baremetal domain, proc: ps7_cortexa9_0
TRACE::2023-03-21.05:18:10::SCWBifWriter::proc type : 
TRACE::2023-03-21.05:18:10::SCWBifWriter::proc[0] : ps7_cortexa9_0
TRACE::2023-03-21.05:18:10::SCWBifWriter::Device type is : zynq
TRACE::2023-03-21.05:18:10::SCWBifWriter::Writing BIF to file : D:/FPGA/ADS_bus_CS/Vitis_proj/hello_system/Debug/system.bif
TRACE::2023-03-21.05:18:10::SCWBifWriter::Writing the Zynq Baremetal bif 
TRACE::2023-03-21.05:19:06::SCWBifWriter::Found the complete platform D:/FPGA/ADS_bus_CS/Vitis_proj/ADS_bus_CS_new/export/ADS_bus_CS_new/ADS_bus_CS_new.xpfm
TRACE::2023-03-21.05:19:06::SCWBifWriter::hardware databse : design_1_wrapper_3
TRACE::2023-03-21.05:19:06::SCWBifWriter::bitstream found in the design
TRACE::2023-03-21.05:19:06::SCWBifWriter::Found a baremetal domain, proc: ps7_cortexa9_0
TRACE::2023-03-21.05:19:06::SCWBifWriter::proc type : 
TRACE::2023-03-21.05:19:06::SCWBifWriter::proc[0] : ps7_cortexa9_0
TRACE::2023-03-21.05:19:06::SCWBifWriter::Device type is : zynq
TRACE::2023-03-21.05:19:06::SCWBifWriter::Writing BIF to file : D:/FPGA/ADS_bus_CS/Vitis_proj/hello_system/Debug/system.bif
TRACE::2023-03-21.05:19:06::SCWBifWriter::Writing the Zynq Baremetal bif 
TRACE::2023-03-21.05:21:41::SCWBifWriter::Found the complete platform D:/FPGA/ADS_bus_CS/Vitis_proj/ADS_bus_CS_new/export/ADS_bus_CS_new/ADS_bus_CS_new.xpfm
TRACE::2023-03-21.05:21:42::SCWBifWriter::hardware databse : design_1_wrapper_4
TRACE::2023-03-21.05:21:42::SCWBifWriter::bitstream found in the design
TRACE::2023-03-21.05:21:42::SCWBifWriter::Found a baremetal domain, proc: ps7_cortexa9_0
TRACE::2023-03-21.05:21:42::SCWBifWriter::proc type : 
TRACE::2023-03-21.05:21:42::SCWBifWriter::proc[0] : ps7_cortexa9_0
TRACE::2023-03-21.05:21:42::SCWBifWriter::Device type is : zynq
TRACE::2023-03-21.05:21:42::SCWBifWriter::Writing BIF to file : D:/FPGA/ADS_bus_CS/Vitis_proj/hello_system/Debug/system.bif
TRACE::2023-03-21.05:21:42::SCWBifWriter::Writing the Zynq Baremetal bif 
TRACE::2023-03-21.05:33:07::SCWBifWriter::Found the complete platform D:/FPGA/ADS_bus_CS/Vitis_proj/ADS_bus_CS_new/export/ADS_bus_CS_new/ADS_bus_CS_new.xpfm
TRACE::2023-03-21.05:33:07::SCWBifWriter::hardware databse : design_1_wrapper_6
TRACE::2023-03-21.05:33:07::SCWBifWriter::bitstream found in the design
TRACE::2023-03-21.05:33:07::SCWBifWriter::Found a baremetal domain, proc: ps7_cortexa9_0
TRACE::2023-03-21.05:33:07::SCWBifWriter::proc type : 
TRACE::2023-03-21.05:33:07::SCWBifWriter::proc[0] : ps7_cortexa9_0
TRACE::2023-03-21.05:33:07::SCWBifWriter::Device type is : zynq
TRACE::2023-03-21.05:33:07::SCWBifWriter::Writing BIF to file : D:/FPGA/ADS_bus_CS/Vitis_proj/hello_system/Debug/system.bif
TRACE::2023-03-21.05:33:07::SCWBifWriter::Writing the Zynq Baremetal bif 
TRACE::2023-03-21.05:35:01::SCWBifWriter::Found the complete platform D:/FPGA/ADS_bus_CS/Vitis_proj/ADS_bus_CS_new/export/ADS_bus_CS_new/ADS_bus_CS_new.xpfm
TRACE::2023-03-21.05:35:01::SCWBifWriter::hardware databse : design_1_wrapper_6
TRACE::2023-03-21.05:35:01::SCWBifWriter::bitstream found in the design
TRACE::2023-03-21.05:35:01::SCWBifWriter::Found a baremetal domain, proc: ps7_cortexa9_0
TRACE::2023-03-21.05:35:01::SCWBifWriter::proc type : 
TRACE::2023-03-21.05:35:01::SCWBifWriter::proc[0] : ps7_cortexa9_0
TRACE::2023-03-21.05:35:01::SCWBifWriter::Device type is : zynq
TRACE::2023-03-21.05:35:01::SCWBifWriter::Writing BIF to file : D:/FPGA/ADS_bus_CS/Vitis_proj/hello_system/Debug/system.bif
TRACE::2023-03-21.05:35:01::SCWBifWriter::Writing the Zynq Baremetal bif 
TRACE::2023-03-21.05:35:47::SCWBifWriter::Found the complete platform D:/FPGA/ADS_bus_CS/Vitis_proj/ADS_bus_CS_new/export/ADS_bus_CS_new/ADS_bus_CS_new.xpfm
TRACE::2023-03-21.05:35:47::SCWBifWriter::hardware databse : design_1_wrapper_6
TRACE::2023-03-21.05:35:47::SCWBifWriter::bitstream found in the design
TRACE::2023-03-21.05:35:47::SCWBifWriter::Found a baremetal domain, proc: ps7_cortexa9_0
TRACE::2023-03-21.05:35:47::SCWBifWriter::proc type : 
TRACE::2023-03-21.05:35:47::SCWBifWriter::proc[0] : ps7_cortexa9_0
TRACE::2023-03-21.05:35:47::SCWBifWriter::Device type is : zynq
TRACE::2023-03-21.05:35:47::SCWBifWriter::Writing BIF to file : D:/FPGA/ADS_bus_CS/Vitis_proj/hello_system/Debug/system.bif
TRACE::2023-03-21.05:35:47::SCWBifWriter::Writing the Zynq Baremetal bif 
TRACE::2023-03-21.05:45:38::SCWBifWriter::Found the complete platform D:/FPGA/ADS_bus_CS/Vitis_proj/ADS_bus_CS_new/export/ADS_bus_CS_new/ADS_bus_CS_new.xpfm
TRACE::2023-03-21.05:45:38::SCWBifWriter::hardware databse : design_1_wrapper_6
TRACE::2023-03-21.05:45:38::SCWBifWriter::bitstream found in the design
TRACE::2023-03-21.05:45:38::SCWBifWriter::Found a baremetal domain, proc: ps7_cortexa9_0
TRACE::2023-03-21.05:45:38::SCWBifWriter::proc type : 
TRACE::2023-03-21.05:45:38::SCWBifWriter::proc[0] : ps7_cortexa9_0
TRACE::2023-03-21.05:45:38::SCWBifWriter::Device type is : zynq
TRACE::2023-03-21.05:45:38::SCWBifWriter::Writing BIF to file : D:/FPGA/ADS_bus_CS/Vitis_proj/hello_system/Debug/system.bif
TRACE::2023-03-21.05:45:38::SCWBifWriter::Writing the Zynq Baremetal bif 
TRACE::2023-03-21.05:46:17::SCWBifWriter::Found the complete platform D:/FPGA/ADS_bus_CS/Vitis_proj/ADS_bus_CS_new/export/ADS_bus_CS_new/ADS_bus_CS_new.xpfm
TRACE::2023-03-21.05:46:18::SCWBifWriter::hardware databse : design_1_wrapper_6
TRACE::2023-03-21.05:46:18::SCWBifWriter::bitstream found in the design
TRACE::2023-03-21.05:46:18::SCWBifWriter::Found a baremetal domain, proc: ps7_cortexa9_0
TRACE::2023-03-21.05:46:18::SCWBifWriter::proc type : 
TRACE::2023-03-21.05:46:18::SCWBifWriter::proc[0] : ps7_cortexa9_0
TRACE::2023-03-21.05:46:18::SCWBifWriter::Device type is : zynq
TRACE::2023-03-21.05:46:18::SCWBifWriter::Writing BIF to file : D:/FPGA/ADS_bus_CS/Vitis_proj/hello_system/Debug/system.bif
TRACE::2023-03-21.05:46:18::SCWBifWriter::Writing the Zynq Baremetal bif 
TRACE::2023-03-21.05:47:06::SCWBifWriter::Found the complete platform D:/FPGA/ADS_bus_CS/Vitis_proj/ADS_bus_CS_new/export/ADS_bus_CS_new/ADS_bus_CS_new.xpfm
TRACE::2023-03-21.05:47:06::SCWBifWriter::hardware databse : design_1_wrapper_6
TRACE::2023-03-21.05:47:06::SCWBifWriter::bitstream found in the design
TRACE::2023-03-21.05:47:06::SCWBifWriter::Found a baremetal domain, proc: ps7_cortexa9_0
TRACE::2023-03-21.05:47:06::SCWBifWriter::proc type : 
TRACE::2023-03-21.05:47:06::SCWBifWriter::proc[0] : ps7_cortexa9_0
TRACE::2023-03-21.05:47:06::SCWBifWriter::Device type is : zynq
TRACE::2023-03-21.05:47:06::SCWBifWriter::Writing BIF to file : D:/FPGA/ADS_bus_CS/Vitis_proj/hello_system/Debug/system.bif
TRACE::2023-03-21.05:47:06::SCWBifWriter::Writing the Zynq Baremetal bif 
TRACE::2023-03-21.05:54:05::SCWBifWriter::Found the complete platform D:/FPGA/ADS_bus_CS/Vitis_proj/ADS_bus_CS_new/export/ADS_bus_CS_new/ADS_bus_CS_new.xpfm
TRACE::2023-03-21.05:54:05::SCWBifWriter::hardware databse : design_1_wrapper_6
TRACE::2023-03-21.05:54:05::SCWBifWriter::bitstream found in the design
TRACE::2023-03-21.05:54:05::SCWBifWriter::Found a baremetal domain, proc: ps7_cortexa9_0
TRACE::2023-03-21.05:54:05::SCWBifWriter::proc type : 
TRACE::2023-03-21.05:54:05::SCWBifWriter::proc[0] : ps7_cortexa9_0
TRACE::2023-03-21.05:54:06::SCWBifWriter::Device type is : zynq
TRACE::2023-03-21.05:54:06::SCWBifWriter::Writing BIF to file : D:/FPGA/ADS_bus_CS/Vitis_proj/hello_system/Debug/system.bif
TRACE::2023-03-21.05:54:06::SCWBifWriter::Writing the Zynq Baremetal bif 
TRACE::2023-03-21.05:55:27::SCWBifWriter::Found the complete platform D:/FPGA/ADS_bus_CS/Vitis_proj/ADS_bus_CS_new/export/ADS_bus_CS_new/ADS_bus_CS_new.xpfm
TRACE::2023-03-21.05:55:27::SCWBifWriter::hardware databse : design_1_wrapper_6
TRACE::2023-03-21.05:55:27::SCWBifWriter::bitstream found in the design
TRACE::2023-03-21.05:55:27::SCWBifWriter::Found a baremetal domain, proc: ps7_cortexa9_0
TRACE::2023-03-21.05:55:27::SCWBifWriter::proc type : 
TRACE::2023-03-21.05:55:27::SCWBifWriter::proc[0] : ps7_cortexa9_0
TRACE::2023-03-21.05:55:27::SCWBifWriter::Device type is : zynq
TRACE::2023-03-21.05:55:27::SCWBifWriter::Writing BIF to file : D:/FPGA/ADS_bus_CS/Vitis_proj/hello_system/Debug/system.bif
TRACE::2023-03-21.05:55:27::SCWBifWriter::Writing the Zynq Baremetal bif 
TRACE::2023-03-21.05:56:13::SCWBifWriter::Found the complete platform D:/FPGA/ADS_bus_CS/Vitis_proj/ADS_bus_CS_new/export/ADS_bus_CS_new/ADS_bus_CS_new.xpfm
TRACE::2023-03-21.05:56:13::SCWBifWriter::hardware databse : design_1_wrapper_6
TRACE::2023-03-21.05:56:13::SCWBifWriter::bitstream found in the design
TRACE::2023-03-21.05:56:13::SCWBifWriter::Found a baremetal domain, proc: ps7_cortexa9_0
TRACE::2023-03-21.05:56:13::SCWBifWriter::proc type : 
TRACE::2023-03-21.05:56:13::SCWBifWriter::proc[0] : ps7_cortexa9_0
TRACE::2023-03-21.05:56:13::SCWBifWriter::Device type is : zynq
TRACE::2023-03-21.05:56:13::SCWBifWriter::Writing BIF to file : D:/FPGA/ADS_bus_CS/Vitis_proj/hello_system/Debug/system.bif
TRACE::2023-03-21.05:56:13::SCWBifWriter::Writing the Zynq Baremetal bif 
TRACE::2023-03-21.05:57:18::SCWBifWriter::Found the complete platform D:/FPGA/ADS_bus_CS/Vitis_proj/ADS_bus_CS_new/export/ADS_bus_CS_new/ADS_bus_CS_new.xpfm
TRACE::2023-03-21.05:57:19::SCWBifWriter::hardware databse : design_1_wrapper_6
TRACE::2023-03-21.05:57:19::SCWBifWriter::bitstream found in the design
TRACE::2023-03-21.05:57:19::SCWBifWriter::Found a baremetal domain, proc: ps7_cortexa9_0
TRACE::2023-03-21.05:57:19::SCWBifWriter::proc type : 
TRACE::2023-03-21.05:57:19::SCWBifWriter::proc[0] : ps7_cortexa9_0
TRACE::2023-03-21.05:57:19::SCWBifWriter::Device type is : zynq
TRACE::2023-03-21.05:57:19::SCWBifWriter::Writing BIF to file : D:/FPGA/ADS_bus_CS/Vitis_proj/hello_system/Debug/system.bif
TRACE::2023-03-21.05:57:19::SCWBifWriter::Writing the Zynq Baremetal bif 
TRACE::2023-03-21.05:59:45::SCWBifWriter::Found the complete platform D:/FPGA/ADS_bus_CS/Vitis_proj/ADS_bus_CS_new/export/ADS_bus_CS_new/ADS_bus_CS_new.xpfm
TRACE::2023-03-21.05:59:45::SCWBifWriter::hardware databse : design_1_wrapper_6
TRACE::2023-03-21.05:59:45::SCWBifWriter::bitstream found in the design
TRACE::2023-03-21.05:59:45::SCWBifWriter::Found a baremetal domain, proc: ps7_cortexa9_0
TRACE::2023-03-21.05:59:45::SCWBifWriter::proc type : 
TRACE::2023-03-21.05:59:45::SCWBifWriter::proc[0] : ps7_cortexa9_0
TRACE::2023-03-21.05:59:45::SCWBifWriter::Device type is : zynq
TRACE::2023-03-21.05:59:46::SCWBifWriter::Writing BIF to file : D:/FPGA/ADS_bus_CS/Vitis_proj/hello_system/Debug/system.bif
TRACE::2023-03-21.05:59:46::SCWBifWriter::Writing the Zynq Baremetal bif 
TRACE::2023-03-21.06:04:16::SCWBifWriter::Found the complete platform D:/FPGA/ADS_bus_CS/Vitis_proj/ADS_bus_CS_new/export/ADS_bus_CS_new/ADS_bus_CS_new.xpfm
TRACE::2023-03-21.06:04:17::SCWBifWriter::hardware databse : design_1_wrapper_6
TRACE::2023-03-21.06:04:17::SCWBifWriter::bitstream found in the design
TRACE::2023-03-21.06:04:17::SCWBifWriter::Found a baremetal domain, proc: ps7_cortexa9_0
TRACE::2023-03-21.06:04:17::SCWBifWriter::proc type : 
TRACE::2023-03-21.06:04:17::SCWBifWriter::proc[0] : ps7_cortexa9_0
TRACE::2023-03-21.06:04:17::SCWBifWriter::Device type is : zynq
TRACE::2023-03-21.06:04:17::SCWBifWriter::Writing BIF to file : D:/FPGA/ADS_bus_CS/Vitis_proj/hello_system/Debug/system.bif
TRACE::2023-03-21.06:04:17::SCWBifWriter::Writing the Zynq Baremetal bif 
TRACE::2023-03-21.06:08:09::SCWBifWriter::Found the complete platform D:/FPGA/ADS_bus_CS/Vitis_proj/ADS_bus_CS_new/export/ADS_bus_CS_new/ADS_bus_CS_new.xpfm
TRACE::2023-03-21.06:08:09::SCWBifWriter::hardware databse : design_1_wrapper_6
TRACE::2023-03-21.06:08:09::SCWBifWriter::bitstream found in the design
TRACE::2023-03-21.06:08:09::SCWBifWriter::Found a baremetal domain, proc: ps7_cortexa9_0
TRACE::2023-03-21.06:08:09::SCWBifWriter::proc type : 
TRACE::2023-03-21.06:08:09::SCWBifWriter::proc[0] : ps7_cortexa9_0
TRACE::2023-03-21.06:08:09::SCWBifWriter::Device type is : zynq
TRACE::2023-03-21.06:08:09::SCWBifWriter::Writing BIF to file : D:/FPGA/ADS_bus_CS/Vitis_proj/hello_system/Debug/system.bif
TRACE::2023-03-21.06:08:09::SCWBifWriter::Writing the Zynq Baremetal bif 
TRACE::2023-03-21.06:09:27::SCWBifWriter::Found the complete platform D:/FPGA/ADS_bus_CS/Vitis_proj/ADS_bus_CS_new/export/ADS_bus_CS_new/ADS_bus_CS_new.xpfm
TRACE::2023-03-21.06:09:27::SCWBifWriter::hardware databse : design_1_wrapper_6
TRACE::2023-03-21.06:09:27::SCWBifWriter::bitstream found in the design
TRACE::2023-03-21.06:09:27::SCWBifWriter::Found a baremetal domain, proc: ps7_cortexa9_0
TRACE::2023-03-21.06:09:27::SCWBifWriter::proc type : 
TRACE::2023-03-21.06:09:27::SCWBifWriter::proc[0] : ps7_cortexa9_0
TRACE::2023-03-21.06:09:27::SCWBifWriter::Device type is : zynq
TRACE::2023-03-21.06:09:27::SCWBifWriter::Writing BIF to file : D:/FPGA/ADS_bus_CS/Vitis_proj/hello_system/Debug/system.bif
TRACE::2023-03-21.06:09:27::SCWBifWriter::Writing the Zynq Baremetal bif 
TRACE::2023-03-21.06:11:59::SCWBifWriter::Found the complete platform D:/FPGA/ADS_bus_CS/Vitis_proj/ADS_bus_CS_new/export/ADS_bus_CS_new/ADS_bus_CS_new.xpfm
TRACE::2023-03-21.06:11:59::SCWBifWriter::hardware databse : design_1_wrapper_6
TRACE::2023-03-21.06:11:59::SCWBifWriter::bitstream found in the design
TRACE::2023-03-21.06:11:59::SCWBifWriter::Found a baremetal domain, proc: ps7_cortexa9_0
TRACE::2023-03-21.06:11:59::SCWBifWriter::proc type : 
TRACE::2023-03-21.06:11:59::SCWBifWriter::proc[0] : ps7_cortexa9_0
TRACE::2023-03-21.06:11:59::SCWBifWriter::Device type is : zynq
TRACE::2023-03-21.06:11:59::SCWBifWriter::Writing BIF to file : D:/FPGA/ADS_bus_CS/Vitis_proj/hello_system/Debug/system.bif
TRACE::2023-03-21.06:11:59::SCWBifWriter::Writing the Zynq Baremetal bif 
TRACE::2023-03-21.06:18:08::SCWBifWriter::Found the complete platform D:/FPGA/ADS_bus_CS/Vitis_proj/ADS_bus_CS_new/export/ADS_bus_CS_new/ADS_bus_CS_new.xpfm
TRACE::2023-03-21.06:18:08::SCWBifWriter::hardware databse : design_1_wrapper_6
TRACE::2023-03-21.06:18:08::SCWBifWriter::bitstream found in the design
TRACE::2023-03-21.06:18:08::SCWBifWriter::Found a baremetal domain, proc: ps7_cortexa9_0
TRACE::2023-03-21.06:18:08::SCWBifWriter::proc type : 
TRACE::2023-03-21.06:18:08::SCWBifWriter::proc[0] : ps7_cortexa9_0
TRACE::2023-03-21.06:18:08::SCWBifWriter::Device type is : zynq
TRACE::2023-03-21.06:18:08::SCWBifWriter::Writing BIF to file : D:/FPGA/ADS_bus_CS/Vitis_proj/hello_system/Debug/system.bif
TRACE::2023-03-21.06:18:08::SCWBifWriter::Writing the Zynq Baremetal bif 
TRACE::2023-03-21.06:19:21::SCWBifWriter::Found the complete platform D:/FPGA/ADS_bus_CS/Vitis_proj/ADS_bus_CS_new/export/ADS_bus_CS_new/ADS_bus_CS_new.xpfm
TRACE::2023-03-21.06:19:22::SCWBifWriter::hardware databse : design_1_wrapper_6
TRACE::2023-03-21.06:19:22::SCWBifWriter::bitstream found in the design
TRACE::2023-03-21.06:19:22::SCWBifWriter::Found a baremetal domain, proc: ps7_cortexa9_0
TRACE::2023-03-21.06:19:22::SCWBifWriter::proc type : 
TRACE::2023-03-21.06:19:22::SCWBifWriter::proc[0] : ps7_cortexa9_0
TRACE::2023-03-21.06:19:22::SCWBifWriter::Device type is : zynq
TRACE::2023-03-21.06:19:22::SCWBifWriter::Writing BIF to file : D:/FPGA/ADS_bus_CS/Vitis_proj/hello_system/Debug/system.bif
TRACE::2023-03-21.06:19:22::SCWBifWriter::Writing the Zynq Baremetal bif 
TRACE::2023-03-21.06:20:03::SCWBifWriter::Found the complete platform D:/FPGA/ADS_bus_CS/Vitis_proj/ADS_bus_CS_new/export/ADS_bus_CS_new/ADS_bus_CS_new.xpfm
TRACE::2023-03-21.06:20:03::SCWBifWriter::hardware databse : design_1_wrapper_6
TRACE::2023-03-21.06:20:03::SCWBifWriter::bitstream found in the design
TRACE::2023-03-21.06:20:03::SCWBifWriter::Found a baremetal domain, proc: ps7_cortexa9_0
TRACE::2023-03-21.06:20:03::SCWBifWriter::proc type : 
TRACE::2023-03-21.06:20:03::SCWBifWriter::proc[0] : ps7_cortexa9_0
TRACE::2023-03-21.06:20:03::SCWBifWriter::Device type is : zynq
TRACE::2023-03-21.06:20:03::SCWBifWriter::Writing BIF to file : D:/FPGA/ADS_bus_CS/Vitis_proj/hello_system/Debug/system.bif
TRACE::2023-03-21.06:20:03::SCWBifWriter::Writing the Zynq Baremetal bif 
TRACE::2023-03-21.06:20:51::SCWBifWriter::Found the complete platform D:/FPGA/ADS_bus_CS/Vitis_proj/ADS_bus_CS_new/export/ADS_bus_CS_new/ADS_bus_CS_new.xpfm
TRACE::2023-03-21.06:20:51::SCWBifWriter::hardware databse : design_1_wrapper_6
TRACE::2023-03-21.06:20:51::SCWBifWriter::bitstream found in the design
TRACE::2023-03-21.06:20:51::SCWBifWriter::Found a baremetal domain, proc: ps7_cortexa9_0
TRACE::2023-03-21.06:20:51::SCWBifWriter::proc type : 
TRACE::2023-03-21.06:20:51::SCWBifWriter::proc[0] : ps7_cortexa9_0
TRACE::2023-03-21.06:20:51::SCWBifWriter::Device type is : zynq
TRACE::2023-03-21.06:20:51::SCWBifWriter::Writing BIF to file : D:/FPGA/ADS_bus_CS/Vitis_proj/hello_system/Debug/system.bif
TRACE::2023-03-21.06:20:51::SCWBifWriter::Writing the Zynq Baremetal bif 
TRACE::2023-03-21.06:28:32::SCWBifWriter::Found the complete platform D:/FPGA/ADS_bus_CS/Vitis_proj/ADS_bus_CS_new/export/ADS_bus_CS_new/ADS_bus_CS_new.xpfm
TRACE::2023-03-21.06:28:32::SCWBifWriter::hardware databse : design_1_wrapper_6
TRACE::2023-03-21.06:28:32::SCWBifWriter::bitstream found in the design
TRACE::2023-03-21.06:28:32::SCWBifWriter::Found a baremetal domain, proc: ps7_cortexa9_0
TRACE::2023-03-21.06:28:32::SCWBifWriter::proc type : 
TRACE::2023-03-21.06:28:32::SCWBifWriter::proc[0] : ps7_cortexa9_0
TRACE::2023-03-21.06:28:32::SCWBifWriter::Device type is : zynq
TRACE::2023-03-21.06:28:32::SCWBifWriter::Writing BIF to file : D:/FPGA/ADS_bus_CS/Vitis_proj/hello_system/Debug/system.bif
TRACE::2023-03-21.06:28:32::SCWBifWriter::Writing the Zynq Baremetal bif 
TRACE::2023-03-21.06:34:37::SCWBifWriter::Found the complete platform D:/FPGA/ADS_bus_CS/Vitis_proj/ADS_bus_CS_new/export/ADS_bus_CS_new/ADS_bus_CS_new.xpfm
TRACE::2023-03-21.06:34:37::SCWBifWriter::hardware databse : design_1_wrapper_6
TRACE::2023-03-21.06:34:37::SCWBifWriter::bitstream found in the design
TRACE::2023-03-21.06:34:37::SCWBifWriter::Found a baremetal domain, proc: ps7_cortexa9_0
TRACE::2023-03-21.06:34:37::SCWBifWriter::proc type : 
TRACE::2023-03-21.06:34:37::SCWBifWriter::proc[0] : ps7_cortexa9_0
TRACE::2023-03-21.06:34:37::SCWBifWriter::Device type is : zynq
TRACE::2023-03-21.06:34:37::SCWBifWriter::Writing BIF to file : D:/FPGA/ADS_bus_CS/Vitis_proj/hello_system/Debug/system.bif
TRACE::2023-03-21.06:34:37::SCWBifWriter::Writing the Zynq Baremetal bif 
TRACE::2023-03-21.06:38:01::SCWBifWriter::Found the complete platform D:/FPGA/ADS_bus_CS/Vitis_proj/ADS_bus_CS_new/export/ADS_bus_CS_new/ADS_bus_CS_new.xpfm
TRACE::2023-03-21.06:38:01::SCWBifWriter::hardware databse : design_1_wrapper_6
TRACE::2023-03-21.06:38:01::SCWBifWriter::bitstream found in the design
TRACE::2023-03-21.06:38:01::SCWBifWriter::Found a baremetal domain, proc: ps7_cortexa9_0
TRACE::2023-03-21.06:38:01::SCWBifWriter::proc type : 
TRACE::2023-03-21.06:38:01::SCWBifWriter::proc[0] : ps7_cortexa9_0
TRACE::2023-03-21.06:38:01::SCWBifWriter::Device type is : zynq
TRACE::2023-03-21.06:38:01::SCWBifWriter::Writing BIF to file : D:/FPGA/ADS_bus_CS/Vitis_proj/hello_system/Debug/system.bif
TRACE::2023-03-21.06:38:01::SCWBifWriter::Writing the Zynq Baremetal bif 
TRACE::2023-03-21.06:39:37::SCWBifWriter::Found the complete platform D:/FPGA/ADS_bus_CS/Vitis_proj/ADS_bus_CS_new/export/ADS_bus_CS_new/ADS_bus_CS_new.xpfm
TRACE::2023-03-21.06:39:37::SCWBifWriter::hardware databse : design_1_wrapper_6
TRACE::2023-03-21.06:39:37::SCWBifWriter::bitstream found in the design
TRACE::2023-03-21.06:39:37::SCWBifWriter::Found a baremetal domain, proc: ps7_cortexa9_0
TRACE::2023-03-21.06:39:37::SCWBifWriter::proc type : 
TRACE::2023-03-21.06:39:37::SCWBifWriter::proc[0] : ps7_cortexa9_0
TRACE::2023-03-21.06:39:37::SCWBifWriter::Device type is : zynq
TRACE::2023-03-21.06:39:37::SCWBifWriter::Writing BIF to file : D:/FPGA/ADS_bus_CS/Vitis_proj/hello_system/Debug/system.bif
TRACE::2023-03-21.06:39:37::SCWBifWriter::Writing the Zynq Baremetal bif 
TRACE::2023-03-21.12:39:53::SCWBifWriter::Found the complete platform D:/FPGA/ADS_bus_CS/Vitis_proj/ADS_bus_CS_new/export/ADS_bus_CS_new/ADS_bus_CS_new.xpfm
TRACE::2023-03-21.12:39:54::SCWBifWriter::hardware databse : design_1_wrapper
TRACE::2023-03-21.12:39:54::SCWBifWriter::bitstream found in the design
TRACE::2023-03-21.12:39:54::SCWBifWriter::Found a baremetal domain, proc: ps7_cortexa9_0
TRACE::2023-03-21.12:39:54::SCWBifWriter::proc type : 
TRACE::2023-03-21.12:39:54::SCWBifWriter::proc[0] : ps7_cortexa9_0
TRACE::2023-03-21.12:39:54::SCWBifWriter::Device type is : zynq
TRACE::2023-03-21.12:39:54::SCWBifWriter::Writing BIF to file : D:/FPGA/ADS_bus_CS/Vitis_proj/hello_system/Debug/system.bif
TRACE::2023-03-21.12:39:54::SCWBifWriter::Writing the Zynq Baremetal bif 
TRACE::2023-03-21.12:59:29::SCWBifWriter::Found the complete platform D:/FPGA/ADS_bus_CS/Vitis_proj/ADS_bus_CS_new/export/ADS_bus_CS_new/ADS_bus_CS_new.xpfm
TRACE::2023-03-21.12:59:30::SCWBifWriter::hardware databse : design_1_wrapper_0
TRACE::2023-03-21.12:59:30::SCWBifWriter::bitstream found in the design
TRACE::2023-03-21.12:59:30::SCWBifWriter::Found a baremetal domain, proc: ps7_cortexa9_0
TRACE::2023-03-21.12:59:30::SCWBifWriter::proc type : 
TRACE::2023-03-21.12:59:30::SCWBifWriter::proc[0] : ps7_cortexa9_0
TRACE::2023-03-21.12:59:30::SCWBifWriter::Device type is : zynq
TRACE::2023-03-21.12:59:30::SCWBifWriter::Writing BIF to file : D:/FPGA/ADS_bus_CS/Vitis_proj/hello_system/Debug/system.bif
TRACE::2023-03-21.12:59:30::SCWBifWriter::Writing the Zynq Baremetal bif 
TRACE::2023-03-21.13:00:06::SCWBifWriter::Found the complete platform D:/FPGA/ADS_bus_CS/Vitis_proj/ADS_bus_CS_new/export/ADS_bus_CS_new/ADS_bus_CS_new.xpfm
TRACE::2023-03-21.13:00:06::SCWBifWriter::hardware databse : design_1_wrapper_0
TRACE::2023-03-21.13:00:06::SCWBifWriter::bitstream found in the design
TRACE::2023-03-21.13:00:06::SCWBifWriter::Found a baremetal domain, proc: ps7_cortexa9_0
TRACE::2023-03-21.13:00:06::SCWBifWriter::proc type : 
TRACE::2023-03-21.13:00:06::SCWBifWriter::proc[0] : ps7_cortexa9_0
TRACE::2023-03-21.13:00:06::SCWBifWriter::Device type is : zynq
TRACE::2023-03-21.13:00:06::SCWBifWriter::Writing BIF to file : D:/FPGA/ADS_bus_CS/Vitis_proj/hello_system/Debug/system.bif
TRACE::2023-03-21.13:00:06::SCWBifWriter::Writing the Zynq Baremetal bif 
TRACE::2023-03-21.13:01:11::SCWBifWriter::Found the complete platform D:/FPGA/ADS_bus_CS/Vitis_proj/ADS_bus_CS_new/export/ADS_bus_CS_new/ADS_bus_CS_new.xpfm
TRACE::2023-03-21.13:01:11::SCWBifWriter::hardware databse : design_1_wrapper_0
TRACE::2023-03-21.13:01:11::SCWBifWriter::bitstream found in the design
TRACE::2023-03-21.13:01:11::SCWBifWriter::Found a baremetal domain, proc: ps7_cortexa9_0
TRACE::2023-03-21.13:01:11::SCWBifWriter::proc type : 
TRACE::2023-03-21.13:01:11::SCWBifWriter::proc[0] : ps7_cortexa9_0
TRACE::2023-03-21.13:01:11::SCWBifWriter::Device type is : zynq
TRACE::2023-03-21.13:01:11::SCWBifWriter::Writing BIF to file : D:/FPGA/ADS_bus_CS/Vitis_proj/hello_system/Debug/system.bif
TRACE::2023-03-21.13:01:11::SCWBifWriter::Writing the Zynq Baremetal bif 
TRACE::2023-03-21.13:01:52::SCWBifWriter::Found the complete platform D:/FPGA/ADS_bus_CS/Vitis_proj/ADS_bus_CS_new/export/ADS_bus_CS_new/ADS_bus_CS_new.xpfm
TRACE::2023-03-21.13:01:53::SCWBifWriter::hardware databse : design_1_wrapper_0
TRACE::2023-03-21.13:01:53::SCWBifWriter::bitstream found in the design
TRACE::2023-03-21.13:01:53::SCWBifWriter::Found a baremetal domain, proc: ps7_cortexa9_0
TRACE::2023-03-21.13:01:53::SCWBifWriter::proc type : 
TRACE::2023-03-21.13:01:53::SCWBifWriter::proc[0] : ps7_cortexa9_0
TRACE::2023-03-21.13:01:53::SCWBifWriter::Device type is : zynq
TRACE::2023-03-21.13:01:53::SCWBifWriter::Writing BIF to file : D:/FPGA/ADS_bus_CS/Vitis_proj/hello_system/Debug/system.bif
TRACE::2023-03-21.13:01:53::SCWBifWriter::Writing the Zynq Baremetal bif 
TRACE::2023-03-21.13:03:25::SCWBifWriter::Found the complete platform D:/FPGA/ADS_bus_CS/Vitis_proj/ADS_bus_CS_new/export/ADS_bus_CS_new/ADS_bus_CS_new.xpfm
TRACE::2023-03-21.13:03:25::SCWBifWriter::hardware databse : design_1_wrapper_1
TRACE::2023-03-21.13:03:25::SCWBifWriter::bitstream found in the design
TRACE::2023-03-21.13:03:25::SCWBifWriter::Found a baremetal domain, proc: ps7_cortexa9_0
TRACE::2023-03-21.13:03:25::SCWBifWriter::proc type : 
TRACE::2023-03-21.13:03:25::SCWBifWriter::proc[0] : ps7_cortexa9_0
TRACE::2023-03-21.13:03:25::SCWBifWriter::Device type is : zynq
TRACE::2023-03-21.13:03:25::SCWBifWriter::Writing BIF to file : D:/FPGA/ADS_bus_CS/Vitis_proj/hello_system/Debug/system.bif
TRACE::2023-03-21.13:03:25::SCWBifWriter::Writing the Zynq Baremetal bif 
TRACE::2023-03-21.13:04:48::SCWBifWriter::Found the complete platform D:/FPGA/ADS_bus_CS/Vitis_proj/ADS_bus_CS_new/export/ADS_bus_CS_new/ADS_bus_CS_new.xpfm
TRACE::2023-03-21.13:04:48::SCWBifWriter::hardware databse : design_1_wrapper_2
TRACE::2023-03-21.13:04:48::SCWBifWriter::bitstream found in the design
TRACE::2023-03-21.13:04:48::SCWBifWriter::Found a baremetal domain, proc: ps7_cortexa9_0
TRACE::2023-03-21.13:04:48::SCWBifWriter::proc type : 
TRACE::2023-03-21.13:04:48::SCWBifWriter::proc[0] : ps7_cortexa9_0
TRACE::2023-03-21.13:04:48::SCWBifWriter::Device type is : zynq
TRACE::2023-03-21.13:04:48::SCWBifWriter::Writing BIF to file : D:/FPGA/ADS_bus_CS/Vitis_proj/hello_system/Debug/system.bif
TRACE::2023-03-21.13:04:48::SCWBifWriter::Writing the Zynq Baremetal bif 
TRACE::2023-03-21.13:06:36::SCWBifWriter::Found the complete platform D:/FPGA/ADS_bus_CS/Vitis_proj/ADS_bus_CS_new/export/ADS_bus_CS_new/ADS_bus_CS_new.xpfm
TRACE::2023-03-21.13:06:36::SCWBifWriter::hardware databse : design_1_wrapper_3
TRACE::2023-03-21.13:06:36::SCWBifWriter::bitstream found in the design
TRACE::2023-03-21.13:06:36::SCWBifWriter::Found a baremetal domain, proc: ps7_cortexa9_0
TRACE::2023-03-21.13:06:36::SCWBifWriter::proc type : 
TRACE::2023-03-21.13:06:36::SCWBifWriter::proc[0] : ps7_cortexa9_0
TRACE::2023-03-21.13:06:36::SCWBifWriter::Device type is : zynq
TRACE::2023-03-21.13:06:36::SCWBifWriter::Writing BIF to file : D:/FPGA/ADS_bus_CS/Vitis_proj/hello_system/Debug/system.bif
TRACE::2023-03-21.13:06:36::SCWBifWriter::Writing the Zynq Baremetal bif 
TRACE::2023-03-21.13:08:57::SCWBifWriter::Found the complete platform D:/FPGA/ADS_bus_CS/Vitis_proj/ADS_bus_CS_new/export/ADS_bus_CS_new/ADS_bus_CS_new.xpfm
TRACE::2023-03-21.13:08:58::SCWBifWriter::hardware databse : design_1_wrapper_4
TRACE::2023-03-21.13:08:58::SCWBifWriter::bitstream found in the design
TRACE::2023-03-21.13:08:58::SCWBifWriter::Found a baremetal domain, proc: ps7_cortexa9_0
TRACE::2023-03-21.13:08:58::SCWBifWriter::proc type : 
TRACE::2023-03-21.13:08:58::SCWBifWriter::proc[0] : ps7_cortexa9_0
TRACE::2023-03-21.13:08:58::SCWBifWriter::Device type is : zynq
TRACE::2023-03-21.13:08:58::SCWBifWriter::Writing BIF to file : D:/FPGA/ADS_bus_CS/Vitis_proj/hello_system/Debug/system.bif
TRACE::2023-03-21.13:08:58::SCWBifWriter::Writing the Zynq Baremetal bif 
TRACE::2023-03-21.13:09:46::SCWBifWriter::Found the complete platform D:/FPGA/ADS_bus_CS/Vitis_proj/ADS_bus_CS_new/export/ADS_bus_CS_new/ADS_bus_CS_new.xpfm
TRACE::2023-03-21.13:09:46::SCWBifWriter::hardware databse : design_1_wrapper_5
TRACE::2023-03-21.13:09:46::SCWBifWriter::bitstream found in the design
TRACE::2023-03-21.13:09:46::SCWBifWriter::Found a baremetal domain, proc: ps7_cortexa9_0
TRACE::2023-03-21.13:09:46::SCWBifWriter::proc type : 
TRACE::2023-03-21.13:09:46::SCWBifWriter::proc[0] : ps7_cortexa9_0
TRACE::2023-03-21.13:09:46::SCWBifWriter::Device type is : zynq
TRACE::2023-03-21.13:09:47::SCWBifWriter::Writing BIF to file : D:/FPGA/ADS_bus_CS/Vitis_proj/hello_system/Debug/system.bif
TRACE::2023-03-21.13:09:47::SCWBifWriter::Writing the Zynq Baremetal bif 
TRACE::2023-03-21.13:12:26::SCWBifWriter::Found the complete platform D:/FPGA/ADS_bus_CS/Vitis_proj/ADS_bus_CS_new/export/ADS_bus_CS_new/ADS_bus_CS_new.xpfm
TRACE::2023-03-21.13:12:27::SCWBifWriter::hardware databse : design_1_wrapper_6
TRACE::2023-03-21.13:12:27::SCWBifWriter::bitstream found in the design
TRACE::2023-03-21.13:12:27::SCWBifWriter::Found a baremetal domain, proc: ps7_cortexa9_0
TRACE::2023-03-21.13:12:27::SCWBifWriter::proc type : 
TRACE::2023-03-21.13:12:27::SCWBifWriter::proc[0] : ps7_cortexa9_0
TRACE::2023-03-21.13:12:27::SCWBifWriter::Device type is : zynq
TRACE::2023-03-21.13:12:27::SCWBifWriter::Writing BIF to file : D:/FPGA/ADS_bus_CS/Vitis_proj/hello_system/Debug/system.bif
TRACE::2023-03-21.13:12:27::SCWBifWriter::Writing the Zynq Baremetal bif 
TRACE::2023-03-21.13:18:00::SCWBifWriter::Found the complete platform D:/FPGA/ADS_bus_CS/Vitis_proj/ADS_bus_CS_new/export/ADS_bus_CS_new/ADS_bus_CS_new.xpfm
TRACE::2023-03-21.13:18:00::SCWBifWriter::hardware databse : design_1_wrapper_7
TRACE::2023-03-21.13:18:00::SCWBifWriter::bitstream found in the design
TRACE::2023-03-21.13:18:00::SCWBifWriter::Found a baremetal domain, proc: ps7_cortexa9_0
TRACE::2023-03-21.13:18:00::SCWBifWriter::proc type : 
TRACE::2023-03-21.13:18:00::SCWBifWriter::proc[0] : ps7_cortexa9_0
TRACE::2023-03-21.13:18:00::SCWBifWriter::Device type is : zynq
TRACE::2023-03-21.13:18:00::SCWBifWriter::Writing BIF to file : D:/FPGA/ADS_bus_CS/Vitis_proj/hello_system/Debug/system.bif
TRACE::2023-03-21.13:18:00::SCWBifWriter::Writing the Zynq Baremetal bif 
TRACE::2023-03-21.13:26:02::SCWBifWriter::Found the complete platform D:/FPGA/ADS_bus_CS/Vitis_proj/ADS_bus_CS_new/export/ADS_bus_CS_new/ADS_bus_CS_new.xpfm
TRACE::2023-03-21.13:26:02::SCWBifWriter::hardware databse : design_1_wrapper_8
TRACE::2023-03-21.13:26:02::SCWBifWriter::bitstream found in the design
TRACE::2023-03-21.13:26:02::SCWBifWriter::Found a baremetal domain, proc: ps7_cortexa9_0
TRACE::2023-03-21.13:26:02::SCWBifWriter::proc type : 
TRACE::2023-03-21.13:26:02::SCWBifWriter::proc[0] : ps7_cortexa9_0
TRACE::2023-03-21.13:26:02::SCWBifWriter::Device type is : zynq
TRACE::2023-03-21.13:26:02::SCWBifWriter::Writing BIF to file : D:/FPGA/ADS_bus_CS/Vitis_proj/hello_system/Debug/system.bif
TRACE::2023-03-21.13:26:02::SCWBifWriter::Writing the Zynq Baremetal bif 
TRACE::2023-03-21.13:27:58::SCWBifWriter::Found the complete platform D:/FPGA/ADS_bus_CS/Vitis_proj/ADS_bus_CS_new/export/ADS_bus_CS_new/ADS_bus_CS_new.xpfm
TRACE::2023-03-21.13:27:58::SCWBifWriter::hardware databse : design_1_wrapper_9
TRACE::2023-03-21.13:27:58::SCWBifWriter::bitstream found in the design
TRACE::2023-03-21.13:27:58::SCWBifWriter::Found a baremetal domain, proc: ps7_cortexa9_0
TRACE::2023-03-21.13:27:58::SCWBifWriter::proc type : 
TRACE::2023-03-21.13:27:58::SCWBifWriter::proc[0] : ps7_cortexa9_0
TRACE::2023-03-21.13:27:58::SCWBifWriter::Device type is : zynq
TRACE::2023-03-21.13:27:58::SCWBifWriter::Writing BIF to file : D:/FPGA/ADS_bus_CS/Vitis_proj/hello_system/Debug/system.bif
TRACE::2023-03-21.13:27:58::SCWBifWriter::Writing the Zynq Baremetal bif 
TRACE::2023-03-21.13:30:12::SCWBifWriter::Found the complete platform D:/FPGA/ADS_bus_CS/Vitis_proj/ADS_bus_CS_new/export/ADS_bus_CS_new/ADS_bus_CS_new.xpfm
TRACE::2023-03-21.13:30:12::SCWBifWriter::hardware databse : design_1_wrapper_10
TRACE::2023-03-21.13:30:12::SCWBifWriter::bitstream found in the design
TRACE::2023-03-21.13:30:12::SCWBifWriter::Found a baremetal domain, proc: ps7_cortexa9_0
TRACE::2023-03-21.13:30:12::SCWBifWriter::proc type : 
TRACE::2023-03-21.13:30:12::SCWBifWriter::proc[0] : ps7_cortexa9_0
TRACE::2023-03-21.13:30:12::SCWBifWriter::Device type is : zynq
TRACE::2023-03-21.13:30:12::SCWBifWriter::Writing BIF to file : D:/FPGA/ADS_bus_CS/Vitis_proj/hello_system/Debug/system.bif
TRACE::2023-03-21.13:30:12::SCWBifWriter::Writing the Zynq Baremetal bif 
TRACE::2023-03-21.13:32:58::SCWBifWriter::Found the complete platform D:/FPGA/ADS_bus_CS/Vitis_proj/ADS_bus_CS_new/export/ADS_bus_CS_new/ADS_bus_CS_new.xpfm
TRACE::2023-03-21.13:32:58::SCWBifWriter::hardware databse : design_1_wrapper_11
TRACE::2023-03-21.13:32:58::SCWBifWriter::bitstream found in the design
TRACE::2023-03-21.13:32:58::SCWBifWriter::Found a baremetal domain, proc: ps7_cortexa9_0
TRACE::2023-03-21.13:32:58::SCWBifWriter::proc type : 
TRACE::2023-03-21.13:32:58::SCWBifWriter::proc[0] : ps7_cortexa9_0
TRACE::2023-03-21.13:32:58::SCWBifWriter::Device type is : zynq
TRACE::2023-03-21.13:32:58::SCWBifWriter::Writing BIF to file : D:/FPGA/ADS_bus_CS/Vitis_proj/hello_system/Debug/system.bif
TRACE::2023-03-21.13:32:58::SCWBifWriter::Writing the Zynq Baremetal bif 
TRACE::2023-03-21.13:37:15::SCWBifWriter::Found the complete platform D:/FPGA/ADS_bus_CS/Vitis_proj/ADS_bus_CS_new/export/ADS_bus_CS_new/ADS_bus_CS_new.xpfm
TRACE::2023-03-21.13:37:15::SCWBifWriter::hardware databse : design_1_wrapper_13
TRACE::2023-03-21.13:37:15::SCWBifWriter::bitstream found in the design
TRACE::2023-03-21.13:37:15::SCWBifWriter::Found a baremetal domain, proc: ps7_cortexa9_0
TRACE::2023-03-21.13:37:15::SCWBifWriter::proc type : 
TRACE::2023-03-21.13:37:15::SCWBifWriter::proc[0] : ps7_cortexa9_0
TRACE::2023-03-21.13:37:15::SCWBifWriter::Device type is : zynq
TRACE::2023-03-21.13:37:15::SCWBifWriter::Writing BIF to file : D:/FPGA/ADS_bus_CS/Vitis_proj/hello_system/Debug/system.bif
TRACE::2023-03-21.13:37:15::SCWBifWriter::Writing the Zynq Baremetal bif 
TRACE::2023-03-21.13:43:08::SCWBifWriter::Found the complete platform D:/FPGA/ADS_bus_CS/Vitis_proj/ADS_bus_CS_new/export/ADS_bus_CS_new/ADS_bus_CS_new.xpfm
TRACE::2023-03-21.13:43:08::SCWBifWriter::hardware databse : design_1_wrapper_14
TRACE::2023-03-21.13:43:08::SCWBifWriter::bitstream found in the design
TRACE::2023-03-21.13:43:08::SCWBifWriter::Found a baremetal domain, proc: ps7_cortexa9_0
TRACE::2023-03-21.13:43:08::SCWBifWriter::proc type : 
TRACE::2023-03-21.13:43:08::SCWBifWriter::proc[0] : ps7_cortexa9_0
TRACE::2023-03-21.13:43:08::SCWBifWriter::Device type is : zynq
TRACE::2023-03-21.13:43:08::SCWBifWriter::Writing BIF to file : D:/FPGA/ADS_bus_CS/Vitis_proj/hello_system/Debug/system.bif
TRACE::2023-03-21.13:43:08::SCWBifWriter::Writing the Zynq Baremetal bif 
TRACE::2023-03-21.13:46:48::SCWBifWriter::Found the complete platform D:/FPGA/ADS_bus_CS/Vitis_proj/ADS_bus_CS_new/export/ADS_bus_CS_new/ADS_bus_CS_new.xpfm
TRACE::2023-03-21.13:46:48::SCWBifWriter::hardware databse : design_1_wrapper_15
TRACE::2023-03-21.13:46:48::SCWBifWriter::bitstream found in the design
TRACE::2023-03-21.13:46:48::SCWBifWriter::Found a baremetal domain, proc: ps7_cortexa9_0
TRACE::2023-03-21.13:46:48::SCWBifWriter::proc type : 
TRACE::2023-03-21.13:46:48::SCWBifWriter::proc[0] : ps7_cortexa9_0
TRACE::2023-03-21.13:46:48::SCWBifWriter::Device type is : zynq
TRACE::2023-03-21.13:46:48::SCWBifWriter::Writing BIF to file : D:/FPGA/ADS_bus_CS/Vitis_proj/hello_system/Debug/system.bif
TRACE::2023-03-21.13:46:48::SCWBifWriter::Writing the Zynq Baremetal bif 
TRACE::2023-03-21.13:53:53::SCWBifWriter::Found the complete platform D:/FPGA/ADS_bus_CS/Vitis_proj/ADS_bus_CS_new/export/ADS_bus_CS_new/ADS_bus_CS_new.xpfm
TRACE::2023-03-21.13:53:53::SCWBifWriter::hardware databse : design_1_wrapper_16
TRACE::2023-03-21.13:53:53::SCWBifWriter::bitstream found in the design
TRACE::2023-03-21.13:53:53::SCWBifWriter::Found a baremetal domain, proc: ps7_cortexa9_0
TRACE::2023-03-21.13:53:53::SCWBifWriter::proc type : 
TRACE::2023-03-21.13:53:53::SCWBifWriter::proc[0] : ps7_cortexa9_0
TRACE::2023-03-21.13:53:53::SCWBifWriter::Device type is : zynq
TRACE::2023-03-21.13:53:53::SCWBifWriter::Writing BIF to file : D:/FPGA/ADS_bus_CS/Vitis_proj/hello_system/Debug/system.bif
TRACE::2023-03-21.13:53:53::SCWBifWriter::Writing the Zynq Baremetal bif 
TRACE::2023-03-21.13:55:56::SCWBifWriter::Found the complete platform D:/FPGA/ADS_bus_CS/Vitis_proj/ADS_bus_CS_new/export/ADS_bus_CS_new/ADS_bus_CS_new.xpfm
TRACE::2023-03-21.13:55:56::SCWBifWriter::hardware databse : design_1_wrapper_17
TRACE::2023-03-21.13:55:56::SCWBifWriter::bitstream found in the design
TRACE::2023-03-21.13:55:56::SCWBifWriter::Found a baremetal domain, proc: ps7_cortexa9_0
TRACE::2023-03-21.13:55:56::SCWBifWriter::proc type : 
TRACE::2023-03-21.13:55:56::SCWBifWriter::proc[0] : ps7_cortexa9_0
TRACE::2023-03-21.13:55:56::SCWBifWriter::Device type is : zynq
TRACE::2023-03-21.13:55:56::SCWBifWriter::Writing BIF to file : D:/FPGA/ADS_bus_CS/Vitis_proj/hello_system/Debug/system.bif
TRACE::2023-03-21.13:55:56::SCWBifWriter::Writing the Zynq Baremetal bif 
TRACE::2023-03-21.13:57:38::SCWBifWriter::Found the complete platform D:/FPGA/ADS_bus_CS/Vitis_proj/ADS_bus_CS_new/export/ADS_bus_CS_new/ADS_bus_CS_new.xpfm
TRACE::2023-03-21.13:57:38::SCWBifWriter::hardware databse : design_1_wrapper_18
TRACE::2023-03-21.13:57:38::SCWBifWriter::bitstream found in the design
TRACE::2023-03-21.13:57:38::SCWBifWriter::Found a baremetal domain, proc: ps7_cortexa9_0
TRACE::2023-03-21.13:57:38::SCWBifWriter::proc type : 
TRACE::2023-03-21.13:57:38::SCWBifWriter::proc[0] : ps7_cortexa9_0
TRACE::2023-03-21.13:57:38::SCWBifWriter::Device type is : zynq
TRACE::2023-03-21.13:57:38::SCWBifWriter::Writing BIF to file : D:/FPGA/ADS_bus_CS/Vitis_proj/hello_system/Debug/system.bif
TRACE::2023-03-21.13:57:38::SCWBifWriter::Writing the Zynq Baremetal bif 
TRACE::2023-03-21.14:00:17::SCWBifWriter::Found the complete platform D:/FPGA/ADS_bus_CS/Vitis_proj/ADS_bus_CS_new/export/ADS_bus_CS_new/ADS_bus_CS_new.xpfm
TRACE::2023-03-21.14:00:18::SCWBifWriter::hardware databse : design_1_wrapper_19
TRACE::2023-03-21.14:00:18::SCWBifWriter::bitstream found in the design
TRACE::2023-03-21.14:00:18::SCWBifWriter::Found a baremetal domain, proc: ps7_cortexa9_0
TRACE::2023-03-21.14:00:18::SCWBifWriter::proc type : 
TRACE::2023-03-21.14:00:18::SCWBifWriter::proc[0] : ps7_cortexa9_0
TRACE::2023-03-21.14:00:18::SCWBifWriter::Device type is : zynq
TRACE::2023-03-21.14:00:18::SCWBifWriter::Writing BIF to file : D:/FPGA/ADS_bus_CS/Vitis_proj/hello_system/Debug/system.bif
TRACE::2023-03-21.14:00:18::SCWBifWriter::Writing the Zynq Baremetal bif 
TRACE::2023-03-21.14:05:56::SCWBifWriter::Found the complete platform D:/FPGA/ADS_bus_CS/Vitis_proj/ADS_bus_CS_new/export/ADS_bus_CS_new/ADS_bus_CS_new.xpfm
TRACE::2023-03-21.14:05:56::SCWBifWriter::hardware databse : design_1_wrapper_20
TRACE::2023-03-21.14:05:57::SCWBifWriter::bitstream found in the design
TRACE::2023-03-21.14:05:57::SCWBifWriter::Found a baremetal domain, proc: ps7_cortexa9_0
TRACE::2023-03-21.14:05:57::SCWBifWriter::proc type : 
TRACE::2023-03-21.14:05:57::SCWBifWriter::proc[0] : ps7_cortexa9_0
TRACE::2023-03-21.14:05:57::SCWBifWriter::Device type is : zynq
TRACE::2023-03-21.14:05:57::SCWBifWriter::Writing BIF to file : D:/FPGA/ADS_bus_CS/Vitis_proj/hello_system/Debug/system.bif
TRACE::2023-03-21.14:05:57::SCWBifWriter::Writing the Zynq Baremetal bif 
TRACE::2023-03-21.14:08:22::SCWBifWriter::Found the complete platform D:/FPGA/ADS_bus_CS/Vitis_proj/ADS_bus_CS_new/export/ADS_bus_CS_new/ADS_bus_CS_new.xpfm
TRACE::2023-03-21.14:08:22::SCWBifWriter::hardware databse : design_1_wrapper_22
TRACE::2023-03-21.14:08:22::SCWBifWriter::bitstream found in the design
TRACE::2023-03-21.14:08:22::SCWBifWriter::Found a baremetal domain, proc: ps7_cortexa9_0
TRACE::2023-03-21.14:08:22::SCWBifWriter::proc type : 
TRACE::2023-03-21.14:08:22::SCWBifWriter::proc[0] : ps7_cortexa9_0
TRACE::2023-03-21.14:08:22::SCWBifWriter::Device type is : zynq
TRACE::2023-03-21.14:08:22::SCWBifWriter::Writing BIF to file : D:/FPGA/ADS_bus_CS/Vitis_proj/hello_system/Debug/system.bif
TRACE::2023-03-21.14:08:22::SCWBifWriter::Writing the Zynq Baremetal bif 
TRACE::2023-03-21.14:09:24::SCWBifWriter::Found the complete platform D:/FPGA/ADS_bus_CS/Vitis_proj/ADS_bus_CS_new/export/ADS_bus_CS_new/ADS_bus_CS_new.xpfm
TRACE::2023-03-21.14:09:24::SCWBifWriter::hardware databse : design_1_wrapper_24
TRACE::2023-03-21.14:09:24::SCWBifWriter::bitstream found in the design
TRACE::2023-03-21.14:09:24::SCWBifWriter::Found a baremetal domain, proc: ps7_cortexa9_0
TRACE::2023-03-21.14:09:24::SCWBifWriter::proc type : 
TRACE::2023-03-21.14:09:24::SCWBifWriter::proc[0] : ps7_cortexa9_0
TRACE::2023-03-21.14:09:24::SCWBifWriter::Device type is : zynq
TRACE::2023-03-21.14:09:24::SCWBifWriter::Writing BIF to file : D:/FPGA/ADS_bus_CS/Vitis_proj/hello_system/Debug/system.bif
TRACE::2023-03-21.14:09:24::SCWBifWriter::Writing the Zynq Baremetal bif 
TRACE::2023-03-21.14:13:26::SCWBifWriter::Found the complete platform D:/FPGA/ADS_bus_CS/Vitis_proj/ADS_bus_CS_new/export/ADS_bus_CS_new/ADS_bus_CS_new.xpfm
TRACE::2023-03-21.14:13:26::SCWBifWriter::hardware databse : design_1_wrapper_25
TRACE::2023-03-21.14:13:26::SCWBifWriter::bitstream found in the design
TRACE::2023-03-21.14:13:26::SCWBifWriter::Found a baremetal domain, proc: ps7_cortexa9_0
TRACE::2023-03-21.14:13:26::SCWBifWriter::proc type : 
TRACE::2023-03-21.14:13:26::SCWBifWriter::proc[0] : ps7_cortexa9_0
TRACE::2023-03-21.14:13:26::SCWBifWriter::Device type is : zynq
TRACE::2023-03-21.14:13:26::SCWBifWriter::Writing BIF to file : D:/FPGA/ADS_bus_CS/Vitis_proj/hello_system/Debug/system.bif
TRACE::2023-03-21.14:13:26::SCWBifWriter::Writing the Zynq Baremetal bif 
TRACE::2023-03-21.14:15:15::SCWBifWriter::Found the complete platform D:/FPGA/ADS_bus_CS/Vitis_proj/ADS_bus_CS_new/export/ADS_bus_CS_new/ADS_bus_CS_new.xpfm
TRACE::2023-03-21.14:15:15::SCWBifWriter::hardware databse : design_1_wrapper_26
TRACE::2023-03-21.14:15:15::SCWBifWriter::bitstream found in the design
TRACE::2023-03-21.14:15:15::SCWBifWriter::Found a baremetal domain, proc: ps7_cortexa9_0
TRACE::2023-03-21.14:15:15::SCWBifWriter::proc type : 
TRACE::2023-03-21.14:15:15::SCWBifWriter::proc[0] : ps7_cortexa9_0
TRACE::2023-03-21.14:15:15::SCWBifWriter::Device type is : zynq
TRACE::2023-03-21.14:15:15::SCWBifWriter::Writing BIF to file : D:/FPGA/ADS_bus_CS/Vitis_proj/hello_system/Debug/system.bif
TRACE::2023-03-21.14:15:15::SCWBifWriter::Writing the Zynq Baremetal bif 
TRACE::2023-03-21.14:17:34::SCWBifWriter::Found the complete platform D:/FPGA/ADS_bus_CS/Vitis_proj/ADS_bus_CS_new/export/ADS_bus_CS_new/ADS_bus_CS_new.xpfm
TRACE::2023-03-21.14:17:35::SCWBifWriter::hardware databse : design_1_wrapper_27
TRACE::2023-03-21.14:17:35::SCWBifWriter::bitstream found in the design
TRACE::2023-03-21.14:17:35::SCWBifWriter::Found a baremetal domain, proc: ps7_cortexa9_0
TRACE::2023-03-21.14:17:35::SCWBifWriter::proc type : 
TRACE::2023-03-21.14:17:35::SCWBifWriter::proc[0] : ps7_cortexa9_0
TRACE::2023-03-21.14:17:35::SCWBifWriter::Device type is : zynq
TRACE::2023-03-21.14:17:35::SCWBifWriter::Writing BIF to file : D:/FPGA/ADS_bus_CS/Vitis_proj/hello_system/Debug/system.bif
TRACE::2023-03-21.14:17:35::SCWBifWriter::Writing the Zynq Baremetal bif 
TRACE::2023-03-21.14:18:41::SCWBifWriter::Found the complete platform D:/FPGA/ADS_bus_CS/Vitis_proj/ADS_bus_CS_new/export/ADS_bus_CS_new/ADS_bus_CS_new.xpfm
TRACE::2023-03-21.14:18:41::SCWBifWriter::hardware databse : design_1_wrapper_27
TRACE::2023-03-21.14:18:41::SCWBifWriter::bitstream found in the design
TRACE::2023-03-21.14:18:41::SCWBifWriter::Found a baremetal domain, proc: ps7_cortexa9_0
TRACE::2023-03-21.14:18:41::SCWBifWriter::proc type : 
TRACE::2023-03-21.14:18:41::SCWBifWriter::proc[0] : ps7_cortexa9_0
TRACE::2023-03-21.14:18:41::SCWBifWriter::Device type is : zynq
TRACE::2023-03-21.14:18:41::SCWBifWriter::Writing BIF to file : D:/FPGA/ADS_bus_CS/Vitis_proj/hello_system/Debug/system.bif
TRACE::2023-03-21.14:18:41::SCWBifWriter::Writing the Zynq Baremetal bif 
TRACE::2023-03-21.14:20:41::SCWBifWriter::Found the complete platform D:/FPGA/ADS_bus_CS/Vitis_proj/ADS_bus_CS_new/export/ADS_bus_CS_new/ADS_bus_CS_new.xpfm
TRACE::2023-03-21.14:20:42::SCWBifWriter::hardware databse : design_1_wrapper_29
TRACE::2023-03-21.14:20:42::SCWBifWriter::bitstream found in the design
TRACE::2023-03-21.14:20:42::SCWBifWriter::Found a baremetal domain, proc: ps7_cortexa9_0
TRACE::2023-03-21.14:20:42::SCWBifWriter::proc type : 
TRACE::2023-03-21.14:20:42::SCWBifWriter::proc[0] : ps7_cortexa9_0
TRACE::2023-03-21.14:20:42::SCWBifWriter::Device type is : zynq
TRACE::2023-03-21.14:20:42::SCWBifWriter::Writing BIF to file : D:/FPGA/ADS_bus_CS/Vitis_proj/hello_system/Debug/system.bif
TRACE::2023-03-21.14:20:42::SCWBifWriter::Writing the Zynq Baremetal bif 
TRACE::2023-03-21.14:45:49::SCWBifWriter::Found the complete platform D:/FPGA/ADS_bus_CS/Vitis_proj/ADS_bus_CS_new/export/ADS_bus_CS_new/ADS_bus_CS_new.xpfm
TRACE::2023-03-21.14:45:49::SCWBifWriter::hardware databse : design_1_wrapper_30
TRACE::2023-03-21.14:45:49::SCWBifWriter::bitstream found in the design
TRACE::2023-03-21.14:45:49::SCWBifWriter::Found a baremetal domain, proc: ps7_cortexa9_0
TRACE::2023-03-21.14:45:49::SCWBifWriter::proc type : 
TRACE::2023-03-21.14:45:49::SCWBifWriter::proc[0] : ps7_cortexa9_0
TRACE::2023-03-21.14:45:49::SCWBifWriter::Device type is : zynq
TRACE::2023-03-21.14:45:49::SCWBifWriter::Writing BIF to file : D:/FPGA/ADS_bus_CS/Vitis_proj/hello_system/Debug/system.bif
TRACE::2023-03-21.14:45:49::SCWBifWriter::Writing the Zynq Baremetal bif 
TRACE::2023-03-21.14:46:08::SCWBifWriter::Found the complete platform D:/FPGA/ADS_bus_CS/Vitis_proj/ADS_bus_CS_new/export/ADS_bus_CS_new/ADS_bus_CS_new.xpfm
TRACE::2023-03-21.14:46:08::SCWBifWriter::hardware databse : design_1_wrapper_30
TRACE::2023-03-21.14:46:08::SCWBifWriter::bitstream found in the design
TRACE::2023-03-21.14:46:08::SCWBifWriter::Found a baremetal domain, proc: ps7_cortexa9_0
TRACE::2023-03-21.14:46:08::SCWBifWriter::proc type : 
TRACE::2023-03-21.14:46:08::SCWBifWriter::proc[0] : ps7_cortexa9_0
TRACE::2023-03-21.14:46:08::SCWBifWriter::Device type is : zynq
TRACE::2023-03-21.14:46:08::SCWBifWriter::Writing BIF to file : D:/FPGA/ADS_bus_CS/Vitis_proj/hello_system/Debug/system.bif
TRACE::2023-03-21.14:46:08::SCWBifWriter::Writing the Zynq Baremetal bif 
TRACE::2023-03-21.14:50:13::SCWBifWriter::Found the complete platform D:/FPGA/ADS_bus_CS/Vitis_proj/ADS_bus_CS_new/export/ADS_bus_CS_new/ADS_bus_CS_new.xpfm
TRACE::2023-03-21.14:50:14::SCWBifWriter::hardware databse : design_1_wrapper_31
TRACE::2023-03-21.14:50:14::SCWBifWriter::bitstream found in the design
TRACE::2023-03-21.14:50:14::SCWBifWriter::Found a baremetal domain, proc: ps7_cortexa9_0
TRACE::2023-03-21.14:50:14::SCWBifWriter::proc type : 
TRACE::2023-03-21.14:50:14::SCWBifWriter::proc[0] : ps7_cortexa9_0
TRACE::2023-03-21.14:50:14::SCWBifWriter::Device type is : zynq
TRACE::2023-03-21.14:50:14::SCWBifWriter::Writing BIF to file : D:/FPGA/ADS_bus_CS/Vitis_proj/hello_system/Debug/system.bif
TRACE::2023-03-21.14:50:14::SCWBifWriter::Writing the Zynq Baremetal bif 
TRACE::2023-03-21.15:03:48::SCWBifWriter::Found the complete platform D:/FPGA/ADS_bus_CS/Vitis_proj/ADS_bus_CS_new/export/ADS_bus_CS_new/ADS_bus_CS_new.xpfm
TRACE::2023-03-21.15:03:49::SCWBifWriter::hardware databse : design_1_wrapper_32
TRACE::2023-03-21.15:03:49::SCWBifWriter::bitstream found in the design
TRACE::2023-03-21.15:03:49::SCWBifWriter::Found a baremetal domain, proc: ps7_cortexa9_0
TRACE::2023-03-21.15:03:49::SCWBifWriter::proc type : 
TRACE::2023-03-21.15:03:49::SCWBifWriter::proc[0] : ps7_cortexa9_0
TRACE::2023-03-21.15:03:49::SCWBifWriter::Device type is : zynq
TRACE::2023-03-21.15:03:49::SCWBifWriter::Writing BIF to file : D:/FPGA/ADS_bus_CS/Vitis_proj/hello_system/Debug/system.bif
TRACE::2023-03-21.15:03:49::SCWBifWriter::Writing the Zynq Baremetal bif 
