#-----------------------------------------------------------
# Webtalk v2019.2 (64-bit)
# SW Build 2708876 on Wed Nov  6 21:40:23 MST 2019
# 
# Start of session at: Sun Mar 19 17:47:20 2023
# Process ID: 11436
# Current directory: D:/FPGA/ADS_bus_CS/Vitis_proj/webtalk
# Command line: wbtcv.exe -mode batch -source vitis_webtalk.tcl
# Log file: D:/FPGA/ADS_bus_CS/Vitis_proj/webtalk/webtalk.log
# Journal file: D:/FPGA/ADS_bus_CS/Vitis_proj/webtalk\webtalk.jou
#-----------------------------------------------------------
source vitis_webtalk.tcl
# webtalk_init -webtalk_dir D:\\FPGA\\ADS_bus_CS\\Vitis_proj\\webtalk
# webtalk_register_client -client project
# webtalk_add_data -client project -key date_generated -value "2023-03-19 17:47:18" -context "software_version_and_target_device"
# webtalk_add_data -client project -key product_version -value "Vitis v2019.2" -context "software_version_and_target_device"
# webtalk_add_data -client project -key build_version -value "2019.2" -context "software_version_and_target_device"
# webtalk_add_data -client project -key os_platform -value "amd64" -context "software_version_and_target_device"
# webtalk_add_data -client project -key registration_id -value "212107842_0_0_069" -context "software_version_and_target_device"
# webtalk_add_data -client project -key tool_flow -value "Vitis" -context "software_version_and_target_device"
# webtalk_add_data -client project -key beta -value "false" -context "software_version_and_target_device"
# webtalk_add_data -client project -key route_design -value "NA" -context "software_version_and_target_device"
# webtalk_add_data -client project -key target_family -value "NA" -context "software_version_and_target_device"
# webtalk_add_data -client project -key target_device -value "NA" -context "software_version_and_target_device"
# webtalk_add_data -client project -key target_package -value "NA" -context "software_version_and_target_device"
# webtalk_add_data -client project -key target_speed -value "NA" -context "software_version_and_target_device"
# webtalk_add_data -client project -key random_id -value "mvauhb1brlq57fl18r5rnpmnvm" -context "software_version_and_target_device"
# webtalk_add_data -client project -key project_id -value "2019.2_31" -context "software_version_and_target_device"
# webtalk_add_data -client project -key project_iteration -value "31" -context "software_version_and_target_device"
# webtalk_add_data -client project -key os_name -value "Microsoft Windows 8 or later , 64-bit" -context "user_environment"
# webtalk_add_data -client project -key os_release -value "major release  (build 9200)" -context "user_environment"
# webtalk_add_data -client project -key cpu_name -value "Intel(R) Core(TM) i5-8250U CPU @ 1.60GHz" -context "user_environment"
# webtalk_add_data -client project -key cpu_speed -value "1800 MHz" -context "user_environment"
# webtalk_add_data -client project -key total_processors -value "1" -context "user_environment"
# webtalk_add_data -client project -key system_ram -value "12.743 GB" -context "user_environment"
# webtalk_register_client -client vitis
# webtalk_add_data -client vitis -key uid -value "1679225312391" -context "vitis\\\\platform/1679225312391"
# webtalk_add_data -client vitis -key platform_source -value "dsa" -context "vitis\\\\platform/1679225312391"
# webtalk_add_data -client vitis -key os -value "standalone" -context "vitis\\\\platform/1679225312391"
# webtalk_add_data -client vitis -key processor -value "ps7_cortexa9" -context "vitis\\\\platform/1679225312391"
# webtalk_add_data -client vitis -key platform -value "NA" -context "vitis\\\\platform/1679225312391"
# webtalk_add_data -client vitis -key uid -value "1679225808635" -context "vitis\\\\application/1679225808635"
# webtalk_add_data -client vitis -key project_type -value "sdk" -context "vitis\\\\application/1679225808635"
# webtalk_add_data -client vitis -key os -value "standalone" -context "vitis\\\\application/1679225808635"
# webtalk_add_data -client vitis -key processor -value "cortex-a9" -context "vitis\\\\application/1679225808635"
# webtalk_add_data -client vitis -key runtime -value "C/C++" -context "vitis\\\\application/1679225808635"
# webtalk_add_data -client vitis -key template -value "sdk" -context "vitis\\\\application/1679225808635"
# webtalk_add_data -client vitis -key platform -value "custom" -context "vitis\\\\application/1679225808635"
# webtalk_add_data -client vitis -key platform_type -value "fixed" -context "vitis\\\\application/1679225808635"
# webtalk_add_data -client vitis -key application_type -value "application" -context "vitis\\\\application/1679225808635"
# webtalk_add_data -client vitis -key platform_source -value "platform" -context "vitis\\\\application/1679225808635"
# webtalk_add_data -client vitis -key device_family -value "zynq" -context "vitis\\\\application/1679225808635"
# webtalk_add_data -client vitis -key fpga -value "xc7z020" -context "vitis\\\\application/1679225808635"
# webtalk_transmit -clientid 4136557903 -regid "212107842_0_0_069" -xml D:\\FPGA\\ADS_bus_CS\\Vitis_proj\\webtalk\\usage_statistics_ext_vitis.xml -html D:\\FPGA\\ADS_bus_CS\\Vitis_proj\\webtalk\\usage_statistics_ext_vitis.html -wdm D:\\FPGA\\ADS_bus_CS\\Vitis_proj\\webtalk\\vitis_webtalk.wdm -intro "<H3>Vitis Usage Report</H3><BR>"
# webtalk_terminate
INFO: [Common 17-206] Exiting Webtalk at Sun Mar 19 17:47:22 2023...
