
*** Running vivado
    with args -log design_1_NodesAXI_0_0.vds -m64 -product Vivado -mode batch -messageDb vivado.pb -notrace -source design_1_NodesAXI_0_0.tcl


****** Vivado v2019.2 (64-bit)
  **** SW Build 2708876 on Wed Nov  6 21:40:23 MST 2019
  **** IP Build 2700528 on Thu Nov  7 00:09:20 MST 2019
    ** Copyright 1986-2019 Xilinx, Inc. All Rights Reserved.

source design_1_NodesAXI_0_0.tcl -notrace
create_project: Time (s): cpu = 00:00:05 ; elapsed = 00:00:06 . Memory (MB): peak = 479.348 ; gain = 198.180
INFO: [IP_Flow 19-234] Refreshing IP repositories
INFO: [IP_Flow 19-1700] Loaded user IP repository 'd:/FPGA/ip_repo/NodesAXI_1.0'.
INFO: [IP_Flow 19-1700] Loaded user IP repository 'd:/FPGA/ip_repo/Master_Slave_1.0'.
INFO: [IP_Flow 19-1700] Loaded user IP repository 'd:/FPGA/ip_repo/Arbiter_1.0'.
WARNING: [IP_Flow 19-2207] Repository 'd:/FPGA/ip_repo/Arbiter_1.0' already exists; ignoring attempt to add it again.
INFO: [IP_Flow 19-1700] Loaded user IP repository 'd:/FPGA/ip_repo/Arbiter_1.0'.
WARNING: [IP_Flow 19-2207] Repository 'd:/FPGA/ip_repo/Arbiter_1.0' already exists; ignoring attempt to add it again.
INFO: [IP_Flow 19-1700] Loaded user IP repository 'd:/FPGA/ip_repo/Arbiter_1.0'.
WARNING: [IP_Flow 19-2207] Repository 'd:/FPGA/ip_repo/Arbiter_1.0' already exists; ignoring attempt to add it again.
INFO: [IP_Flow 19-1700] Loaded user IP repository 'd:/FPGA/ip_repo/Arbiter_1.0'.
WARNING: [IP_Flow 19-2207] Repository 'd:/FPGA/ip_repo/Arbiter_1.0' already exists; ignoring attempt to add it again.
INFO: [IP_Flow 19-1700] Loaded user IP repository 'd:/FPGA/ip_repo/Arbiter_1.0'.
INFO: [IP_Flow 19-2313] Loaded Vivado IP repository 'F:/Vitis/Vivado/2019.2/data/ip'.
Command: synth_design -top design_1_NodesAXI_0_0 -part xc7z020clg484-1 -mode out_of_context
Starting synth_design
Attempting to get a license for feature 'Synthesis' and/or device 'xc7z020'
INFO: [Common 17-349] Got license for feature 'Synthesis' and/or device 'xc7z020'
INFO: [Device 21-403] Loading part xc7z020clg484-1
INFO: Launching helper process for spawning children vivado processes
INFO: Helper process launched with PID 8540 
---------------------------------------------------------------------------------
Starting RTL Elaboration : Time (s): cpu = 00:00:09 ; elapsed = 00:00:09 . Memory (MB): peak = 1038.184 ; gain = 234.547
---------------------------------------------------------------------------------
INFO: [Synth 8-6157] synthesizing module 'design_1_NodesAXI_0_0' [d:/FPGA/ADS_bus_CS/ADS_bus_CS.srcs/sources_1/bd/design_1/ip/design_1_NodesAXI_0_0/synth/design_1_NodesAXI_0_0.v:57]
INFO: [Synth 8-6157] synthesizing module 'NodesAXI_v1_0' [d:/FPGA/ADS_bus_CS/ADS_bus_CS.srcs/sources_1/bd/design_1/ipshared/1d33/hdl/NodesAXI_v1_0.v:4]
	Parameter C_S00_AXI_DATA_WIDTH bound to: 32 - type: integer 
	Parameter C_S00_AXI_ADDR_WIDTH bound to: 8 - type: integer 
INFO: [Synth 8-6157] synthesizing module 'NodesAXI_v1_0_S00_AXI' [d:/FPGA/ADS_bus_CS/ADS_bus_CS.srcs/sources_1/bd/design_1/ipshared/1d33/src/NodesAXI_v1_0_S00_AXI.v:35]
	Parameter C_S_AXI_DATA_WIDTH bound to: 32 - type: integer 
	Parameter C_S_AXI_ADDR_WIDTH bound to: 8 - type: integer 
	Parameter ADDR_LSB bound to: 2 - type: integer 
	Parameter OPT_MEM_ADDR_BITS bound to: 5 - type: integer 
INFO: [Synth 8-6157] synthesizing module 'slave' [d:/FPGA/ADS_bus_CS/ADS_bus_CS.srcs/sources_1/bd/design_1/ipshared/1d33/src/NodesAXI_v1_0_S00_AXI.v:4]
	Parameter write bound to: 1'b1 
	Parameter read bound to: 1'b0 
INFO: [Synth 8-6155] done synthesizing module 'slave' (1#1) [d:/FPGA/ADS_bus_CS/ADS_bus_CS.srcs/sources_1/bd/design_1/ipshared/1d33/src/NodesAXI_v1_0_S00_AXI.v:4]
INFO: [Synth 8-6155] done synthesizing module 'NodesAXI_v1_0_S00_AXI' (2#1) [d:/FPGA/ADS_bus_CS/ADS_bus_CS.srcs/sources_1/bd/design_1/ipshared/1d33/src/NodesAXI_v1_0_S00_AXI.v:35]
INFO: [Synth 8-6155] done synthesizing module 'NodesAXI_v1_0' (3#1) [d:/FPGA/ADS_bus_CS/ADS_bus_CS.srcs/sources_1/bd/design_1/ipshared/1d33/hdl/NodesAXI_v1_0.v:4]
INFO: [Synth 8-6155] done synthesizing module 'design_1_NodesAXI_0_0' (4#1) [d:/FPGA/ADS_bus_CS/ADS_bus_CS.srcs/sources_1/bd/design_1/ip/design_1_NodesAXI_0_0/synth/design_1_NodesAXI_0_0.v:57]
WARNING: [Synth 8-3331] design slave has unconnected port slav_master_id[1]
WARNING: [Synth 8-3331] design slave has unconnected port slav_master_id[0]
WARNING: [Synth 8-3331] design slave has unconnected port slav_addr[11]
WARNING: [Synth 8-3331] design slave has unconnected port slav_addr[10]
WARNING: [Synth 8-3331] design NodesAXI_v1_0_S00_AXI has unconnected port S_AXI_AWPROT[2]
WARNING: [Synth 8-3331] design NodesAXI_v1_0_S00_AXI has unconnected port S_AXI_AWPROT[1]
WARNING: [Synth 8-3331] design NodesAXI_v1_0_S00_AXI has unconnected port S_AXI_AWPROT[0]
WARNING: [Synth 8-3331] design NodesAXI_v1_0_S00_AXI has unconnected port S_AXI_ARPROT[2]
WARNING: [Synth 8-3331] design NodesAXI_v1_0_S00_AXI has unconnected port S_AXI_ARPROT[1]
WARNING: [Synth 8-3331] design NodesAXI_v1_0_S00_AXI has unconnected port S_AXI_ARPROT[0]
---------------------------------------------------------------------------------
Finished RTL Elaboration : Time (s): cpu = 00:00:12 ; elapsed = 00:00:12 . Memory (MB): peak = 1113.426 ; gain = 309.789
---------------------------------------------------------------------------------

Report Check Netlist: 
+------+------------------+-------+---------+-------+------------------+
|      |Item              |Errors |Warnings |Status |Description       |
+------+------------------+-------+---------+-------+------------------+
|1     |multi_driven_nets |      0|        0|Passed |Multi driven nets |
+------+------------------+-------+---------+-------+------------------+
---------------------------------------------------------------------------------
Start Handling Custom Attributes
---------------------------------------------------------------------------------
---------------------------------------------------------------------------------
Finished Handling Custom Attributes : Time (s): cpu = 00:00:13 ; elapsed = 00:00:14 . Memory (MB): peak = 1113.426 ; gain = 309.789
---------------------------------------------------------------------------------
---------------------------------------------------------------------------------
Finished RTL Optimization Phase 1 : Time (s): cpu = 00:00:13 ; elapsed = 00:00:14 . Memory (MB): peak = 1113.426 ; gain = 309.789
---------------------------------------------------------------------------------
Netlist sorting complete. Time (s): cpu = 00:00:00 ; elapsed = 00:00:00.133 . Memory (MB): peak = 1113.426 ; gain = 0.000
INFO: [Project 1-570] Preparing netlist for logic optimization

Processing XDC Constraints
Initializing timing engine
Completed Processing XDC Constraints

Netlist sorting complete. Time (s): cpu = 00:00:00 ; elapsed = 00:00:00.001 . Memory (MB): peak = 1211.648 ; gain = 0.000
INFO: [Project 1-111] Unisim Transformation Summary:
No Unisim elements were transformed.

WARNING: [Constraints 18-5210] No constraints selected for write.
Resolution: This message can indicate that there are no constraints for the design, or it can indicate that the used_in flags are set such that the constraints are ignored. This later case is used when running synth_design to not write synthesis constraints to the resulting checkpoint. Instead, project constraints are read when the synthesized design is opened.
Constraint Validation Runtime : Time (s): cpu = 00:00:00 ; elapsed = 00:00:00.257 . Memory (MB): peak = 1214.879 ; gain = 3.230
---------------------------------------------------------------------------------
Finished Constraint Validation : Time (s): cpu = 00:00:27 ; elapsed = 00:00:28 . Memory (MB): peak = 1214.879 ; gain = 411.242
---------------------------------------------------------------------------------
---------------------------------------------------------------------------------
Start Loading Part and Timing Information
---------------------------------------------------------------------------------
Loading part: xc7z020clg484-1
---------------------------------------------------------------------------------
Finished Loading Part and Timing Information : Time (s): cpu = 00:00:27 ; elapsed = 00:00:28 . Memory (MB): peak = 1214.879 ; gain = 411.242
---------------------------------------------------------------------------------
---------------------------------------------------------------------------------
Start Applying 'set_property' XDC Constraints
---------------------------------------------------------------------------------
---------------------------------------------------------------------------------
Finished applying 'set_property' XDC Constraints : Time (s): cpu = 00:00:27 ; elapsed = 00:00:28 . Memory (MB): peak = 1214.879 ; gain = 411.242
---------------------------------------------------------------------------------
---------------------------------------------------------------------------------
Finished RTL Optimization Phase 2 : Time (s): cpu = 00:00:28 ; elapsed = 00:00:29 . Memory (MB): peak = 1214.879 ; gain = 411.242
---------------------------------------------------------------------------------

Report RTL Partitions: 
+-+--------------+------------+----------+
| |RTL Partition |Replication |Instances |
+-+--------------+------------+----------+
+-+--------------+------------+----------+
---------------------------------------------------------------------------------
Start RTL Component Statistics 
---------------------------------------------------------------------------------
Detailed RTL Component Info : 
+---Registers : 
	               32 Bit    Registers := 44    
	                8 Bit    Registers := 2     
	                2 Bit    Registers := 2     
	                1 Bit    Registers := 6     
+---RAMs : 
	              32K Bit         RAMs := 3     
+---Muxes : 
	   2 Input     32 Bit        Muxes := 22    
	   2 Input      1 Bit        Muxes := 5     
---------------------------------------------------------------------------------
Finished RTL Component Statistics 
---------------------------------------------------------------------------------
---------------------------------------------------------------------------------
Start RTL Hierarchical Component Statistics 
---------------------------------------------------------------------------------
Hierarchical RTL Component report 
Module slave 
Detailed RTL Component Info : 
+---RAMs : 
	              32K Bit         RAMs := 1     
+---Muxes : 
	   2 Input     32 Bit        Muxes := 1     
Module NodesAXI_v1_0_S00_AXI 
Detailed RTL Component Info : 
+---Registers : 
	               32 Bit    Registers := 44    
	                8 Bit    Registers := 2     
	                2 Bit    Registers := 2     
	                1 Bit    Registers := 6     
+---Muxes : 
	   2 Input     32 Bit        Muxes := 19    
	   2 Input      1 Bit        Muxes := 5     
---------------------------------------------------------------------------------
Finished RTL Hierarchical Component Statistics
---------------------------------------------------------------------------------
---------------------------------------------------------------------------------
Start Part Resource Summary
---------------------------------------------------------------------------------
Part Resources:
DSPs: 220 (col length:60)
BRAMs: 280 (col length: RAMB18 60 RAMB36 30)
---------------------------------------------------------------------------------
Finished Part Resource Summary
---------------------------------------------------------------------------------
---------------------------------------------------------------------------------
Start Cross Boundary and Area Optimization
---------------------------------------------------------------------------------
Warning: Parallel synthesis criteria is not met 
WARNING: [Synth 8-3331] design slave has unconnected port slav_master_id[1]
WARNING: [Synth 8-3331] design slave has unconnected port slav_master_id[0]
WARNING: [Synth 8-3331] design slave has unconnected port slav_addr[11]
WARNING: [Synth 8-3331] design slave has unconnected port slav_addr[10]
WARNING: [Synth 8-3331] design NodesAXI_v1_0_S00_AXI has unconnected port S_AXI_AWPROT[2]
WARNING: [Synth 8-3331] design NodesAXI_v1_0_S00_AXI has unconnected port S_AXI_AWPROT[1]
WARNING: [Synth 8-3331] design NodesAXI_v1_0_S00_AXI has unconnected port S_AXI_AWPROT[0]
WARNING: [Synth 8-3331] design NodesAXI_v1_0_S00_AXI has unconnected port S_AXI_ARPROT[2]
WARNING: [Synth 8-3331] design NodesAXI_v1_0_S00_AXI has unconnected port S_AXI_ARPROT[1]
WARNING: [Synth 8-3331] design NodesAXI_v1_0_S00_AXI has unconnected port S_AXI_ARPROT[0]
INFO: [Synth 8-3333] propagating constant 0 across sequential element (\inst/NodesAXI_v1_0_S00_AXI_inst/SLAV3_ADDR_reg[12] )
INFO: [Synth 8-3333] propagating constant 0 across sequential element (\inst/NodesAXI_v1_0_S00_AXI_inst/SLAV2_ADDR_reg[12] )
INFO: [Synth 8-3333] propagating constant 0 across sequential element (\inst/NodesAXI_v1_0_S00_AXI_inst/SLAV1_ADDR_reg[12] )
INFO: [Synth 8-3333] propagating constant 0 across sequential element (\inst/NodesAXI_v1_0_S00_AXI_inst/SLAV3_ADDR_reg[13] )
INFO: [Synth 8-3333] propagating constant 0 across sequential element (\inst/NodesAXI_v1_0_S00_AXI_inst/SLAV2_ADDR_reg[13] )
INFO: [Synth 8-3333] propagating constant 0 across sequential element (\inst/NodesAXI_v1_0_S00_AXI_inst/SLAV1_ADDR_reg[13] )
INFO: [Synth 8-3333] propagating constant 0 across sequential element (\inst/NodesAXI_v1_0_S00_AXI_inst/SLAV3_ADDR_reg[14] )
INFO: [Synth 8-3333] propagating constant 0 across sequential element (\inst/NodesAXI_v1_0_S00_AXI_inst/SLAV2_ADDR_reg[14] )
INFO: [Synth 8-3333] propagating constant 0 across sequential element (\inst/NodesAXI_v1_0_S00_AXI_inst/SLAV1_ADDR_reg[14] )
INFO: [Synth 8-3886] merging instance 'inst/NodesAXI_v1_0_S00_AXI_inst/axi_rresp_reg[0]' (FDRE) to 'inst/NodesAXI_v1_0_S00_AXI_inst/axi_rresp_reg[1]'
INFO: [Synth 8-3333] propagating constant 0 across sequential element (\inst/NodesAXI_v1_0_S00_AXI_inst/axi_rresp_reg[1] )
INFO: [Synth 8-3886] merging instance 'inst/NodesAXI_v1_0_S00_AXI_inst/axi_bresp_reg[0]' (FDRE) to 'inst/NodesAXI_v1_0_S00_AXI_inst/axi_bresp_reg[1]'
INFO: [Synth 8-3333] propagating constant 0 across sequential element (\inst/NodesAXI_v1_0_S00_AXI_inst/axi_bresp_reg[1] )
---------------------------------------------------------------------------------
Finished Cross Boundary and Area Optimization : Time (s): cpu = 00:00:39 ; elapsed = 00:00:41 . Memory (MB): peak = 1214.879 ; gain = 411.242
---------------------------------------------------------------------------------
---------------------------------------------------------------------------------
Start ROM, RAM, DSP and Shift Register Reporting
---------------------------------------------------------------------------------

Distributed RAM: Preliminary Mapping	Report (see note below)
+----------------------+-------------------------------------------------+-----------+----------------------+------------------+
|Module Name           | RTL Object                                      | Inference | Size (Depth x Width) | Primitives       | 
+----------------------+-------------------------------------------------+-----------+----------------------+------------------+
|design_1_NodesAXI_0_0 | inst/NodesAXI_v1_0_S00_AXI_inst/slave1/data_reg | Implied   | 1 K x 32             | RAM256X1S x 128	 | 
|design_1_NodesAXI_0_0 | inst/NodesAXI_v1_0_S00_AXI_inst/slave2/data_reg | Implied   | 1 K x 32             | RAM256X1S x 128	 | 
|design_1_NodesAXI_0_0 | inst/NodesAXI_v1_0_S00_AXI_inst/slave3/data_reg | Implied   | 1 K x 32             | RAM256X1S x 128	 | 
+----------------------+-------------------------------------------------+-----------+----------------------+------------------+

Note: The table above is a preliminary report that shows the Distributed RAMs at the current stage of the synthesis flow. Some Distributed RAMs may be reimplemented as non Distributed RAM primitives later in the synthesis flow. Multiple instantiated RAMs are reported only once.
---------------------------------------------------------------------------------
Finished ROM, RAM, DSP and Shift Register Reporting
---------------------------------------------------------------------------------

Report RTL Partitions: 
+-+--------------+------------+----------+
| |RTL Partition |Replication |Instances |
+-+--------------+------------+----------+
+-+--------------+------------+----------+
---------------------------------------------------------------------------------
Start Applying XDC Timing Constraints
---------------------------------------------------------------------------------
---------------------------------------------------------------------------------
Finished Applying XDC Timing Constraints : Time (s): cpu = 00:00:59 ; elapsed = 00:01:01 . Memory (MB): peak = 1214.879 ; gain = 411.242
---------------------------------------------------------------------------------
---------------------------------------------------------------------------------
Start Timing Optimization
---------------------------------------------------------------------------------
---------------------------------------------------------------------------------
Finished Timing Optimization : Time (s): cpu = 00:00:59 ; elapsed = 00:01:01 . Memory (MB): peak = 1214.879 ; gain = 411.242
---------------------------------------------------------------------------------
---------------------------------------------------------------------------------
Start ROM, RAM, DSP and Shift Register Reporting
---------------------------------------------------------------------------------

Distributed RAM: Final Mapping	Report
+----------------------+-------------------------------------------------+-----------+----------------------+------------------+
|Module Name           | RTL Object                                      | Inference | Size (Depth x Width) | Primitives       | 
+----------------------+-------------------------------------------------+-----------+----------------------+------------------+
|design_1_NodesAXI_0_0 | inst/NodesAXI_v1_0_S00_AXI_inst/slave1/data_reg | Implied   | 1 K x 32             | RAM256X1S x 128	 | 
|design_1_NodesAXI_0_0 | inst/NodesAXI_v1_0_S00_AXI_inst/slave2/data_reg | Implied   | 1 K x 32             | RAM256X1S x 128	 | 
|design_1_NodesAXI_0_0 | inst/NodesAXI_v1_0_S00_AXI_inst/slave3/data_reg | Implied   | 1 K x 32             | RAM256X1S x 128	 | 
+----------------------+-------------------------------------------------+-----------+----------------------+------------------+

---------------------------------------------------------------------------------
Finished ROM, RAM, DSP and Shift Register Reporting
---------------------------------------------------------------------------------

Report RTL Partitions: 
+-+--------------+------------+----------+
| |RTL Partition |Replication |Instances |
+-+--------------+------------+----------+
+-+--------------+------------+----------+
---------------------------------------------------------------------------------
Start Technology Mapping
---------------------------------------------------------------------------------
---------------------------------------------------------------------------------
Finished Technology Mapping : Time (s): cpu = 00:01:00 ; elapsed = 00:01:02 . Memory (MB): peak = 1214.879 ; gain = 411.242
---------------------------------------------------------------------------------

Report RTL Partitions: 
+-+--------------+------------+----------+
| |RTL Partition |Replication |Instances |
+-+--------------+------------+----------+
+-+--------------+------------+----------+
---------------------------------------------------------------------------------
Start IO Insertion
---------------------------------------------------------------------------------
---------------------------------------------------------------------------------
Start Flattening Before IO Insertion
---------------------------------------------------------------------------------
---------------------------------------------------------------------------------
Finished Flattening Before IO Insertion
---------------------------------------------------------------------------------
---------------------------------------------------------------------------------
Start Final Netlist Cleanup
---------------------------------------------------------------------------------
---------------------------------------------------------------------------------
Finished Final Netlist Cleanup
---------------------------------------------------------------------------------
---------------------------------------------------------------------------------
Finished IO Insertion : Time (s): cpu = 00:01:10 ; elapsed = 00:01:12 . Memory (MB): peak = 1224.559 ; gain = 420.922
---------------------------------------------------------------------------------
---------------------------------------------------------------------------------
Start Renaming Generated Instances
---------------------------------------------------------------------------------
---------------------------------------------------------------------------------
Finished Renaming Generated Instances : Time (s): cpu = 00:01:10 ; elapsed = 00:01:12 . Memory (MB): peak = 1224.559 ; gain = 420.922
---------------------------------------------------------------------------------

Report RTL Partitions: 
+-+--------------+------------+----------+
| |RTL Partition |Replication |Instances |
+-+--------------+------------+----------+
+-+--------------+------------+----------+

Report Check Netlist: 
+------+------------------+-------+---------+-------+------------------+
|      |Item              |Errors |Warnings |Status |Description       |
+------+------------------+-------+---------+-------+------------------+
|1     |multi_driven_nets |      0|        0|Passed |Multi driven nets |
+------+------------------+-------+---------+-------+------------------+
---------------------------------------------------------------------------------
Start Rebuilding User Hierarchy
---------------------------------------------------------------------------------
---------------------------------------------------------------------------------
Finished Rebuilding User Hierarchy : Time (s): cpu = 00:01:11 ; elapsed = 00:01:13 . Memory (MB): peak = 1224.559 ; gain = 420.922
---------------------------------------------------------------------------------
---------------------------------------------------------------------------------
Start Renaming Generated Ports
---------------------------------------------------------------------------------
---------------------------------------------------------------------------------
Finished Renaming Generated Ports : Time (s): cpu = 00:01:11 ; elapsed = 00:01:13 . Memory (MB): peak = 1224.559 ; gain = 420.922
---------------------------------------------------------------------------------
---------------------------------------------------------------------------------
Start Handling Custom Attributes
---------------------------------------------------------------------------------
---------------------------------------------------------------------------------
Finished Handling Custom Attributes : Time (s): cpu = 00:01:11 ; elapsed = 00:01:13 . Memory (MB): peak = 1224.559 ; gain = 420.922
---------------------------------------------------------------------------------
---------------------------------------------------------------------------------
Start Renaming Generated Nets
---------------------------------------------------------------------------------
---------------------------------------------------------------------------------
Finished Renaming Generated Nets : Time (s): cpu = 00:01:11 ; elapsed = 00:01:13 . Memory (MB): peak = 1224.559 ; gain = 420.922
---------------------------------------------------------------------------------
---------------------------------------------------------------------------------
Start Writing Synthesis Report
---------------------------------------------------------------------------------

Report BlackBoxes: 
+-+--------------+----------+
| |BlackBox name |Instances |
+-+--------------+----------+
+-+--------------+----------+

Report Cell Usage: 
+------+----------+------+
|      |Cell      |Count |
+------+----------+------+
|1     |LUT1      |     1|
|2     |LUT2      |     1|
|3     |LUT3      |    35|
|4     |LUT4      |    14|
|5     |LUT5      |   166|
|6     |LUT6      |   357|
|7     |MUXF7     |    90|
|8     |MUXF8     |    30|
|9     |RAM256X1S |   384|
|10    |FDRE      |  1000|
|11    |FDSE      |     1|
+------+----------+------+

Report Instance Areas: 
+------+-------------------------------+----------------------+------+
|      |Instance                       |Module                |Cells |
+------+-------------------------------+----------------------+------+
|1     |top                            |                      |  2079|
|2     |  inst                         |NodesAXI_v1_0         |  2079|
|3     |    NodesAXI_v1_0_S00_AXI_inst |NodesAXI_v1_0_S00_AXI |  2075|
|4     |      slave1                   |slave                 |   164|
|5     |      slave2                   |slave_0               |   164|
|6     |      slave3                   |slave_1               |   164|
+------+-------------------------------+----------------------+------+
---------------------------------------------------------------------------------
Finished Writing Synthesis Report : Time (s): cpu = 00:01:11 ; elapsed = 00:01:13 . Memory (MB): peak = 1224.559 ; gain = 420.922
---------------------------------------------------------------------------------
Synthesis finished with 0 errors, 0 critical warnings and 10 warnings.
Synthesis Optimization Runtime : Time (s): cpu = 00:00:53 ; elapsed = 00:01:08 . Memory (MB): peak = 1224.559 ; gain = 319.469
Synthesis Optimization Complete : Time (s): cpu = 00:01:11 ; elapsed = 00:01:13 . Memory (MB): peak = 1224.559 ; gain = 420.922
INFO: [Project 1-571] Translating synthesized netlist
Netlist sorting complete. Time (s): cpu = 00:00:00 ; elapsed = 00:00:00.086 . Memory (MB): peak = 1236.609 ; gain = 0.000
INFO: [Netlist 29-17] Analyzing 504 Unisim elements for replacement
INFO: [Netlist 29-28] Unisim Transformation completed in 0 CPU seconds
INFO: [Project 1-570] Preparing netlist for logic optimization
INFO: [Opt 31-138] Pushed 0 inverter(s) to 0 load pin(s).
Netlist sorting complete. Time (s): cpu = 00:00:00 ; elapsed = 00:00:00.003 . Memory (MB): peak = 1244.141 ; gain = 0.000
INFO: [Project 1-111] Unisim Transformation Summary:
  A total of 384 instances were transformed.
  RAM256X1S => RAM256X1S (MUXF7(x2), MUXF8, RAMS64E(x4)): 384 instances

INFO: [Common 17-83] Releasing license: Synthesis
41 Infos, 25 Warnings, 0 Critical Warnings and 0 Errors encountered.
synth_design completed successfully
synth_design: Time (s): cpu = 00:01:23 ; elapsed = 00:01:27 . Memory (MB): peak = 1244.141 ; gain = 734.988
Netlist sorting complete. Time (s): cpu = 00:00:00 ; elapsed = 00:00:00.003 . Memory (MB): peak = 1244.141 ; gain = 0.000
WARNING: [Constraints 18-5210] No constraints selected for write.
Resolution: This message can indicate that there are no constraints for the design, or it can indicate that the used_in flags are set such that the constraints are ignored. This later case is used when running synth_design to not write synthesis constraints to the resulting checkpoint. Instead, project constraints are read when the synthesized design is opened.
INFO: [Common 17-1381] The checkpoint 'D:/FPGA/ADS_bus_CS/ADS_bus_CS.runs/design_1_NodesAXI_0_0_synth_1/design_1_NodesAXI_0_0.dcp' has been generated.
WARNING: [Common 17-576] 'use_project_ipc' is deprecated. This option is deprecated and no longer used.
INFO: [Coretcl 2-1648] Added synthesis output to IP cache for IP design_1_NodesAXI_0_0, cache-ID = 4bf57182a0f6f67d
INFO: [Coretcl 2-1174] Renamed 5 cell refs.
Netlist sorting complete. Time (s): cpu = 00:00:00 ; elapsed = 00:00:00.005 . Memory (MB): peak = 1244.141 ; gain = 0.000
WARNING: [Constraints 18-5210] No constraints selected for write.
Resolution: This message can indicate that there are no constraints for the design, or it can indicate that the used_in flags are set such that the constraints are ignored. This later case is used when running synth_design to not write synthesis constraints to the resulting checkpoint. Instead, project constraints are read when the synthesized design is opened.
INFO: [Common 17-1381] The checkpoint 'D:/FPGA/ADS_bus_CS/ADS_bus_CS.runs/design_1_NodesAXI_0_0_synth_1/design_1_NodesAXI_0_0.dcp' has been generated.
INFO: [runtcl-4] Executing : report_utilization -file design_1_NodesAXI_0_0_utilization_synth.rpt -pb design_1_NodesAXI_0_0_utilization_synth.pb
INFO: [Common 17-206] Exiting Vivado at Mon Mar 20 14:29:17 2023...
